**********************
Windows PowerShell transcript start
Start time: 20180630003450
Username: RAMONASENIE0E1F\ras
RunAs User: RAMONASENIE0E1F\ras
Machine: RAMONASENIE0E1F (Microsoft Windows NT 10.0.14393.0)
Host Application: C:\Windows\system32\WindowsPowerShell\v1.0\PowerShell_ISE.exe
Process ID: 856
PSVersion: 5.1.14393.1884
PSEdition: Desktop
PSCompatibleVersions: 1.0, 2.0, 3.0, 4.0, 5.0, 5.1.14393.1884
BuildVersion: 10.0.14393.1884
CLRVersion: 4.0.30319.42000
WSManStackVersion: 3.0
PSRemotingProtocolVersion: 2.3
SerializationVersion: 1.1.0.1
**********************
Transcript started, output file is C:\xp\sitecore-XP1-cm.180630.log
                                                              ************************************
                                                                   Sitecore Install Framework
                                                                         Version - 1.2.1
                                                              ************************************


WorkingDirectory  : C:\xp
LogPath           : C:\xp\sitecore-XP1-cm.180630.log
WhatIf            : False
Verbose           : SilentlyContinue
Configuration     : C:\xp\config\sitecore-XP1-cm.json
Debug             : SilentlyContinue
WarningAction     : Continue
ErrorAction       : Stop
InformationAction : Continue




[----------------------------------------------------------------- CreatePaths : EnsurePath ------------------------------------------------------------------]
[CreatePaths]:[Create] C:\inetpub\wwwroot\xp901.contentmanagement

[--------------------------------------------------------------- CreateAppPool : AppPool ---------------------------------------------------------------------]
[CreateAppPool]:[Exists] xp901.contentmanagement
[CreateAppPool]:[Setting] processModel.identityType => ApplicationPoolIdentity

[--------------------------------------------------------------- CreateWebsite : Website ---------------------------------------------------------------------]
[CreateWebsite]:[Exists] xp901.contentmanagement
[CreateWebsite]:[Setting] applicationPool => xp901.contentmanagement
[CreateWebsite]:[Setting] physicalPath => C:\inetpub\wwwroot\xp901.contentmanagement

[----------------------------------------------------------------- StopWebsite : ManageWebsite ---------------------------------------------------------------]
[StopWebsite]:[Stop] xp901.contentmanagement
WARNING: Website xp901.contentmanagement is already Stopped

[----------------------------------------------------------------- StopAppPool : ManageAppPool ---------------------------------------------------------------]
[StopAppPool]:[Stop] xp901.contentmanagement
WARNING: App Pool xp901.contentmanagement is already Stopped

[-------------------------------------------------------- RemoveDefaultBinding : WebBinding ------------------------------------------------------------------]
[RemoveDefaultBinding]:[Remove] 
protocol bindingInformation sslFlags
-------- ------------------ --------
http     *:80:                     0

[--------------------------------------- CreateBindingsWithThumprint [Skipped] : WebBinding ------------------------------------------------------------------]

[------------------------------------------------------------ CreateHostHeader : HostHeader ------------------------------------------------------------------]
[CreateHostHeader]:[Backup] Created - C:\Windows\system32\drivers\etc\hosts.backup
[CreateHostHeader]:[Exists] 127.0.0.1 => xp901.contentmanagement

[-------------------------------------------------------------- SetPermissions : FilePermissions -------------------------------------------------------------]
[SetPermissions]:[Allow] IIS AppPool\xp901.contentmanagement
[SetPermissions]:[Path] C:\inetpub\wwwroot\xp901.contentmanagement
[SetPermissions]:[Rights] FullControl
[SetPermissions]:[Inherit] ContainerInherit ObjectInherit
[SetPermissions]:[Propagate] None

[----------------------------------------------------- SetCertStorePermissions : FilePermissions -------------------------------------------------------------]
[SetCertStorePermissions]:[Allow] IIS AppPool\xp901.contentmanagement
[SetCertStorePermissions]:[Path] C:\ProgramData\Microsoft\Crypto\RSA\MachineKeys\91b96ebb38a6a60bb219402c518edcbc_ffb0b732-144c-463c-be18-2420269ed3d0
[SetCertStorePermissions]:[Rights] Read
[SetCertStorePermissions]:[Inherit] None
[SetCertStorePermissions]:[Propagate] None

[------------------------------------------------------------------ InstallWDP : WebDeploy -------------------------------------------------------------------]
[WebDeploy]:[Path] C:\Program Files\iis\Microsoft Web Deploy V3\msdeploy.exe
Info: Adding sitemanifest (sitemanifest).
Info: Adding database (data source=RAMONASENIE0E1F;initial catalog=xp901_Core;user id=sa)
Info: Initializing deployment: Pending.
Info: Analyzing deployment plan: Pending.
Info: Updating database: Pending.
Info: Creating deployment plan: Pending.
Info: Verifying deployment plan: Pending.
Info: Deploying package to database: Pending.
Info: Creating deployment plan: Running.
Info: Initializing deployment: Running.
Info: Initializing deployment (Start)
Info: Initializing deployment: Completed.
Info: Initializing deployment (Complete)
Info: Creating deployment plan: Completed.
Info: Verifying deployment plan: Running.
Info: Analyzing deployment plan: Running.
Info: Analyzing deployment plan (Start)
Info: Analyzing deployment plan: Completed.
Info: Analyzing deployment plan (Complete)
Info: Verifying deployment plan: Completed.
Info: Deploying package to database: Running.
Info: Updating database: Running.
Info: Updating database (Start)
Info: Creating xp901_Core...
Info: Creating [aspnet_Membership_BasicAccess]...
Info: Creating [aspnet_Membership_FullAccess]...
Info: Creating [aspnet_Membership_ReportingAccess]...
Info: Creating [aspnet_Personalization_BasicAccess]...
Info: Creating [aspnet_Personalization_FullAccess]...
Info: Creating [aspnet_Personalization_ReportingAccess]...
Info: Creating [aspnet_Profile_BasicAccess]...
Info: Creating [aspnet_Profile_FullAccess]...
Info: Creating [aspnet_Profile_ReportingAccess]...
Info: Creating [aspnet_Roles_BasicAccess]...
Info: Creating [aspnet_Roles_FullAccess]...
Info: Creating [aspnet_Roles_ReportingAccess]...
Info: Creating [aspnet_WebEvent_FullAccess]...
Info: Creating <unnamed>...
Info: Creating <unnamed>...
Info: Creating <unnamed>...
Info: Creating <unnamed>...
Info: Creating <unnamed>...
Info: Creating <unnamed>...
Info: Creating <unnamed>...
Info: Creating <unnamed>...
Info: Creating [aspnet_Membership_BasicAccess]...
Info: Creating [aspnet_Membership_FullAccess]...
Info: Creating [aspnet_Membership_ReportingAccess]...
Info: Creating [aspnet_Personalization_BasicAccess]...
Info: Creating [aspnet_Personalization_FullAccess]...
Info: Creating [aspnet_Personalization_ReportingAccess]...
Info: Creating [aspnet_Profile_BasicAccess]...
Info: Creating [aspnet_Profile_FullAccess]...
Info: Creating [aspnet_Profile_ReportingAccess]...
Info: Creating [aspnet_Roles_BasicAccess]...
Info: Creating [aspnet_Roles_FullAccess]...
Info: Creating [aspnet_Roles_ReportingAccess]...
Info: Creating [aspnet_WebEvent_FullAccess]...
Info: Creating [dbo].[AccessControl]...
Info: Creating [dbo].[AccessControl].[IX_AccessControl]...
Info: Creating [dbo].[Archive]...
Info: Creating [dbo].[Archive].[ndx_ItemId]...
Info: Creating [dbo].[ArchivedFields]...
Info: Creating [dbo].[ArchivedFields].[ndx_ArchivalId]...
Info: Creating [dbo].[ArchivedFields].[ndx_VersionId]...
Info: Creating [dbo].[ArchivedItems]...
Info: Creating [dbo].[ArchivedItems].[ndx_ArchivalId]...
Info: Creating [dbo].[ArchivedVersions]...
Info: Creating [dbo].[ArchivedVersions].[ndx_ItemId]...
Info: Creating [dbo].[aspnet_Applications]...
Info: Creating [dbo].[aspnet_Applications].[aspnet_Applications_Index]...
Info: Creating [dbo].[aspnet_Membership]...
Info: Creating [dbo].[aspnet_Membership].[aspnet_Membership_index]...
Info: Creating [dbo].[aspnet_Paths]...
Info: Creating [dbo].[aspnet_Paths].[aspnet_Paths_index]...
Info: Creating [dbo].[aspnet_PersonalizationAllUsers]...
Info: Creating [dbo].[aspnet_PersonalizationPerUser]...
Info: Creating [dbo].[aspnet_PersonalizationPerUser].[aspnet_PersonalizationPerUser_index1]...
Info: Creating [dbo].[aspnet_PersonalizationPerUser].[aspnet_PersonalizationPerUser_ncindex2]...
Info: Creating [dbo].[aspnet_Profile]...
Info: Creating [dbo].[aspnet_Roles]...
Info: Creating [dbo].[aspnet_Roles].[aspnet_Roles_index1]...
Info: Creating [dbo].[aspnet_SchemaVersions]...
Info: Creating [dbo].[aspnet_Users]...
Info: Creating [dbo].[aspnet_Users].[aspnet_Users_Index]...
Info: Creating [dbo].[aspnet_Users].[aspnet_Users_Index2]...
Info: Creating [dbo].[aspnet_UsersInRoles]...
Info: Creating [dbo].[aspnet_UsersInRoles].[aspnet_UsersInRoles_index]...
Info: Creating [dbo].[aspnet_WebEvent_Events]...
Info: Creating [dbo].[Blobs]...
Info: Creating [dbo].[Blobs].[ndxBlobId]...
Info: Creating [dbo].[ClientData]...
Info: Creating [dbo].[ClientData].[ndxID]...
Info: Creating [dbo].[ClientData].[ndxKey]...
Info: Creating [dbo].[Descendants]...
Info: Creating [dbo].[Descendants].[Descendant]...
Info: Creating [dbo].[EventQueue]...
Info: Creating [dbo].[EventQueue].[IX_Stamp]...
Info: Creating [dbo].[History]...
Info: Creating [dbo].[History].[ndxCreated]...
Info: Creating [dbo].[IDTable]...
Info: Creating [dbo].[IDTable].[ndxID]...
Info: Creating [dbo].[IDTable].[ndxPrefixKey]...
Info: Creating [dbo].[Items]...
Info: Creating [dbo].[Items].[ndxID]...
Info: Creating [dbo].[Items].[ndxName]...
Info: Creating [dbo].[Items].[ndxParentID]...
Info: Creating [dbo].[Items].[ndxTemplateID]...
Info: Creating [dbo].[Links]...
Info: Creating [dbo].[Links].[ndxID]...
Info: Creating [dbo].[Links].[ndxSourceItemID]...
Info: Creating [dbo].[Links].[ndxTargetItemID]...
Info: Creating [dbo].[Notifications]...
Info: Creating [dbo].[Properties]...
Info: Creating [dbo].[Properties].[ndxID]...
Info: Creating [dbo].[Properties].[ndxKey]...
Info: Creating [dbo].[PublishQueue]...
Info: Creating [dbo].[PublishQueue].[ndxDate]...
Info: Creating [dbo].[PublishQueue].[ndxID]...
Info: Creating [dbo].[RolesInRoles]...
Info: Creating [dbo].[RolesInRoles].[ndxMembers]...
Info: Creating [dbo].[RolesInRoles].[ndxTarget]...
Info: Creating [dbo].[SharedFields]...
Info: Creating [dbo].[SharedFields].[ndxUnique]...
Info: Creating [dbo].[Tasks]...
Info: Creating [dbo].[Tasks].[ndxID]...
Info: Creating [dbo].[UnversionedFields]...
Info: Creating [dbo].[UnversionedFields].[ndxUnique]...
Info: Creating [dbo].[UserLogins]...
Info: Creating [dbo].[UserLogins].[IX_UserId]...
Info: Creating [dbo].[VersionedFields]...
Info: Creating [dbo].[VersionedFields].[ndxUnique]...
Info: Creating [dbo].[WorkflowHistory]...
Info: Creating [dbo].[WorkflowHistory].[ndxID]...
Info: Creating [dbo].[WorkflowHistory].[ndxItemID]...
Info: Creating unnamed constraint on [dbo].[aspnet_Applications]...
Info: Creating unnamed constraint on [dbo].[aspnet_Membership]...
Info: Creating unnamed constraint on [dbo].[aspnet_Paths]...
Info: Creating unnamed constraint on [dbo].[aspnet_PersonalizationPerUser]...
Info: Creating unnamed constraint on [dbo].[aspnet_Roles]...
Info: Creating unnamed constraint on [dbo].[aspnet_Users]...
Info: Creating unnamed constraint on [dbo].[aspnet_Users]...
Info: Creating unnamed constraint on [dbo].[aspnet_Users]...
Info: Creating [dbo].[DF_Blobs_Id]...
Info: Creating [dbo].[DF_ClientData_ID]...
Info: Creating [dbo].[DF_EventQueue_Created]...
Info: Creating [dbo].[DF_History_AdditionalInfo]...
Info: Creating [dbo].[DF_History_Id]...
Info: Creating [dbo].[DF_History_ItemPath]...
Info: Creating [dbo].[DF_History_TaskStack]...
Info: Creating [dbo].[DF_IDTable_ID]...
Info: Creating [dbo].[DF_Links_ID]...
Info: Creating [dbo].[DF_Links_SourceLanguage]...
Info: Creating [dbo].[DF_Links_SourceVersion]...
Info: Creating [dbo].[DF_Links_TargetLanguage]...
Info: Creating [dbo].[DF_Links_TargetVersion]...
Info: Creating [dbo].[DF_Properties_ID]...
Info: Creating [dbo].[DF_PublishQueue_Action]...
Info: Creating [dbo].[DF_PublishQueue_ID]...
Info: Creating [dbo].[DF_PublishQueue_Language]...
Info: Creating [dbo].[DF_PublishQueue_Version]...
Info: Creating [dbo].[DF_RolesInRoles_Id]...
Info: Creating [dbo].[DF_SharedFields_Id]...
Info: Creating [dbo].[DF_UnversionedFields_Id]...
Info: Creating [dbo].[DF_VersionedFields_Id]...
Info: Creating [dbo].[DF_WorkflowHistory_ID]...
Info: Creating [dbo].[FK_dbo.UserLogins_dbo.aspnet_Users_UserId]...
Info: Creating [dbo].[Fields]...
Info: Creating [dbo].[vw_aspnet_Applications]...
Info: Creating [dbo].[vw_aspnet_MembershipUsers]...
Info: Creating [dbo].[vw_aspnet_Profiles]...
Info: Creating [dbo].[vw_aspnet_Roles]...
Info: Creating [dbo].[vw_aspnet_Users]...
Info: Creating [dbo].[vw_aspnet_UsersInRoles]...
Info: Creating [dbo].[vw_aspnet_WebPartState_Paths]...
Info: Creating [dbo].[vw_aspnet_WebPartState_Shared]...
Info: Creating [dbo].[vw_aspnet_WebPartState_User]...
Info: Creating [dbo].[aspnet_AnyDataInTables]...
Info: Creating [dbo].[aspnet_Applications_CreateApplication]...
Info: Creating [dbo].[aspnet_CheckSchemaVersion]...
Info: Creating [dbo].[aspnet_Membership_ChangePasswordQuestionAndAnswer]...
Info: Creating [dbo].[aspnet_Membership_FindUsersByEmail]...
Info: Creating [dbo].[aspnet_Membership_FindUsersByName]...
Info: Creating [dbo].[aspnet_Membership_GetAllUsers]...
Info: Creating [dbo].[aspnet_Membership_GetNumberOfUsersOnline]...
Info: Creating [dbo].[aspnet_Membership_GetPassword]...
Info: Creating [dbo].[aspnet_Membership_GetPasswordWithFormat]...
Info: Creating [dbo].[aspnet_Membership_GetUserByEmail]...
Info: Creating [dbo].[aspnet_Membership_GetUserByName]...
Info: Creating [dbo].[aspnet_Membership_GetUserByUserId]...
Info: Creating [dbo].[aspnet_Membership_ResetPassword]...
Info: Creating [dbo].[aspnet_Membership_SetPassword]...
Info: Creating [dbo].[aspnet_Membership_UnlockUser]...
Info: Creating [dbo].[aspnet_Membership_UpdateUser]...
Info: Creating [dbo].[aspnet_Membership_UpdateUserInfo]...
Info: Creating [dbo].[aspnet_Paths_CreatePath]...
Info: Creating [dbo].[aspnet_Personalization_GetApplicationId]...
Info: Creating [dbo].[aspnet_PersonalizationAdministration_DeleteAllState]...
Info: Creating [dbo].[aspnet_PersonalizationAdministration_FindState]...
Info: Creating [dbo].[aspnet_PersonalizationAdministration_GetCountOfState]...
Info: Creating [dbo].[aspnet_PersonalizationAdministration_ResetSharedState]...
Info: Creating [dbo].[aspnet_PersonalizationAdministration_ResetUserState]...
Info: Creating [dbo].[aspnet_PersonalizationAllUsers_GetPageSettings]...
Info: Creating [dbo].[aspnet_PersonalizationAllUsers_ResetPageSettings]...
Info: Creating [dbo].[aspnet_PersonalizationAllUsers_SetPageSettings]...
Info: Creating [dbo].[aspnet_PersonalizationPerUser_GetPageSettings]...
Info: Creating [dbo].[aspnet_PersonalizationPerUser_ResetPageSettings]...
Info: Creating [dbo].[aspnet_Profile_DeleteInactiveProfiles]...
Info: Creating [dbo].[aspnet_Profile_GetNumberOfInactiveProfiles]...
Info: Creating [dbo].[aspnet_Profile_GetProfiles]...
Info: Creating [dbo].[aspnet_Profile_GetProperties]...
Info: Creating [dbo].[aspnet_RegisterSchemaVersion]...
Info: Creating [dbo].[aspnet_Roles_CreateRole]...
Info: Creating [dbo].[aspnet_Roles_DeleteRole]...
Info: Creating [dbo].[aspnet_Roles_GetAllRoles]...
Info: Creating [dbo].[aspnet_Roles_RoleExists]...
Info: Creating [dbo].[aspnet_Setup_RemoveAllRoleMembers]...
Info: Creating [dbo].[aspnet_Setup_RestorePermissions]...
Info: Creating [dbo].[aspnet_UnRegisterSchemaVersion]...
Info: Creating [dbo].[aspnet_Users_CreateUser]...
Info: Creating [dbo].[aspnet_Users_DeleteUser]...
Info: Creating [dbo].[aspnet_UsersInRoles_AddUsersToRoles]...
Info: Creating [dbo].[aspnet_UsersInRoles_FindUsersInRole]...
Info: Creating [dbo].[aspnet_UsersInRoles_GetRolesForUser]...
Info: Creating [dbo].[aspnet_UsersInRoles_GetUsersInRoles]...
Info: Creating [dbo].[aspnet_UsersInRoles_IsUserInRole]...
Info: Creating [dbo].[aspnet_UsersInRoles_RemoveUsersFromRoles]...
Info: Creating [dbo].[aspnet_WebEvent_LogEvent]...
Info: Creating [dbo].[aspnet_Membership_CreateUser]...
Info: Creating [dbo].[aspnet_PersonalizationPerUser_SetPageSettings]...
Info: Creating [dbo].[aspnet_Profile_DeleteProfiles]...
Info: Creating [dbo].[aspnet_Profile_SetProperties]...
Info: The transacted portion of the database update succeeded.
Info: Update complete.
Info: Importing data: Pending.
Info: Importing data
Info: Importing data: Running.
Info: Processing Table '[dbo].[aspnet_Applications]'.: Pending.
Info: Processing Table '[dbo].[aspnet_Membership]'.: Pending.
Info: Processing Table '[dbo].[aspnet_Profile]'.: Pending.
Info: Processing Table '[dbo].[aspnet_Roles]'.: Pending.
Info: Processing Table '[dbo].[aspnet_SchemaVersions]'.: Pending.
Info: Processing Table '[dbo].[aspnet_Users]'.: Pending.
Info: Processing Table '[dbo].[Blobs]'.: Pending.
Info: Processing Table '[dbo].[Descendants]'.: Pending.
Info: Processing Table '[dbo].[Items]'.: Pending.
Info: Processing Table '[dbo].[Links]'.: Pending.
Info: Processing Table '[dbo].[RolesInRoles]'.: Pending.
Info: Processing Table '[dbo].[SharedFields]'.: Pending.
Info: Processing Table '[dbo].[UnversionedFields]'.: Pending.
Info: Processing Table '[dbo].[VersionedFields]'.: Pending.
Info: Processing Import.: Running.
Info: Disabling indexes.: Pending.
Info: Disabling indexes.: Running.
Info: Disabling indexes. (Start)
Info: Disabling index 'PK__aspnet_A__C93A4C9862F60B23'.: Pending.
Info: Disabling index 'PK__aspnet_A__C93A4C9862F60B23'.: Running.
Info: Disabling index 'PK__aspnet_A__C93A4C9862F60B23'. (Start)
Info: Disabling index 'PK__aspnet_A__C93A4C9862F60B23'.: Completed.
Info: Disabling index 'PK__aspnet_A__C93A4C9862F60B23'. (Complete)
Info: Disabling index 'UQ__aspnet_A__17477DE4C18FDD65'.: Pending.
Info: Disabling index 'UQ__aspnet_A__17477DE4C18FDD65'.: Running.
Info: Disabling index 'UQ__aspnet_A__17477DE4C18FDD65'. (Start)
Info: Disabling index 'UQ__aspnet_A__17477DE4C18FDD65'.: Completed.
Info: Disabling index 'UQ__aspnet_A__17477DE4C18FDD65'. (Complete)
Info: Disabling index 'UQ__aspnet_A__309103313545A734'.: Pending.
Info: Disabling index 'UQ__aspnet_A__309103313545A734'.: Running.
Info: Disabling index 'UQ__aspnet_A__309103313545A734'. (Start)
Info: Disabling index 'UQ__aspnet_A__309103313545A734'.: Completed.
Info: Disabling index 'UQ__aspnet_A__309103313545A734'. (Complete)
Info: Disabling index 'PK__aspnet_M__1788CC4D4A9425F1'.: Pending.
Info: Disabling index 'PK__aspnet_M__1788CC4D4A9425F1'.: Running.
Info: Disabling index 'PK__aspnet_M__1788CC4D4A9425F1'. (Start)
Info: Disabling index 'PK__aspnet_M__1788CC4D4A9425F1'.: Completed.
Info: Disabling index 'PK__aspnet_M__1788CC4D4A9425F1'. (Complete)
Info: Disabling index 'PK__aspnet_R__8AFACE1B44F195B2'.: Pending.
Info: Disabling index 'PK__aspnet_R__8AFACE1B44F195B2'.: Running.
Info: Disabling index 'PK__aspnet_R__8AFACE1B44F195B2'. (Start)
Info: Disabling index 'PK__aspnet_R__8AFACE1B44F195B2'.: Completed.
Info: Disabling index 'PK__aspnet_R__8AFACE1B44F195B2'. (Complete)
Info: Disabling index 'aspnet_Users_Index2'.: Pending.
Info: Disabling index 'aspnet_Users_Index2'.: Running.
Info: Disabling index 'aspnet_Users_Index2'. (Start)
Info: Disabling index 'aspnet_Users_Index2'.: Completed.
Info: Disabling index 'aspnet_Users_Index2'. (Complete)
Info: Disabling index 'ndxBlobId'.: Pending.
Info: Disabling index 'ndxBlobId'.: Running.
Info: Disabling index 'ndxBlobId'. (Start)
Info: Disabling index 'ndxBlobId'.: Completed.
Info: Disabling index 'ndxBlobId'. (Complete)
Info: Disabling index 'Descendant'.: Pending.
Info: Disabling index 'Descendant'.: Running.
Info: Disabling index 'Descendant'. (Start)
Info: Disabling index 'Descendant'.: Completed.
Info: Disabling index 'Descendant'. (Complete)
Info: Disabling index 'Descendants_PK'.: Pending.
Info: Disabling index 'Descendants_PK'.: Running.
Info: Disabling index 'Descendants_PK'. (Start)
Info: Disabling index 'Descendants_PK'.: Completed.
Info: Disabling index 'Descendants_PK'. (Complete)
Info: Disabling index 'ndxID'.: Pending.
Info: Disabling index 'ndxID'.: Running.
Info: Disabling index 'ndxID'. (Start)
Info: Disabling index 'ndxID'.: Completed.
Info: Disabling index 'ndxID'. (Complete)
Info: Disabling index 'ndxName'.: Pending.
Info: Disabling index 'ndxName'.: Running.
Info: Disabling index 'ndxName'. (Start)
Info: Disabling index 'ndxName'.: Completed.
Info: Disabling index 'ndxName'. (Complete)
Info: Disabling index 'ndxParentID'.: Pending.
Info: Disabling index 'ndxParentID'.: Running.
Info: Disabling index 'ndxParentID'. (Start)
Info: Disabling index 'ndxParentID'.: Completed.
Info: Disabling index 'ndxParentID'. (Complete)
Info: Disabling index 'ndxTemplateID'.: Pending.
Info: Disabling index 'ndxTemplateID'.: Running.
Info: Disabling index 'ndxTemplateID'. (Start)
Info: Disabling index 'ndxTemplateID'.: Completed.
Info: Disabling index 'ndxTemplateID'. (Complete)
Info: Disabling index 'ndxID'.: Pending.
Info: Disabling index 'ndxID'.: Running.
Info: Disabling index 'ndxID'. (Start)
Info: Disabling index 'ndxID'.: Completed.
Info: Disabling index 'ndxID'. (Complete)
Info: Disabling index 'ndxSourceItemID'.: Pending.
Info: Disabling index 'ndxSourceItemID'.: Running.
Info: Disabling index 'ndxSourceItemID'. (Start)
Info: Disabling index 'ndxSourceItemID'.: Completed.
Info: Disabling index 'ndxSourceItemID'. (Complete)
Info: Disabling index 'ndxTargetItemID'.: Pending.
Info: Disabling index 'ndxTargetItemID'.: Running.
Info: Disabling index 'ndxTargetItemID'. (Start)
Info: Disabling index 'ndxTargetItemID'.: Completed.
Info: Disabling index 'ndxTargetItemID'. (Complete)
Info: Disabling index 'ndxMembers'.: Pending.
Info: Disabling index 'ndxMembers'.: Running.
Info: Disabling index 'ndxMembers'. (Start)
Info: Disabling index 'ndxMembers'.: Completed.
Info: Disabling index 'ndxMembers'. (Complete)
Info: Disabling index 'ndxTarget'.: Pending.
Info: Disabling index 'ndxTarget'.: Running.
Info: Disabling index 'ndxTarget'. (Start)
Info: Disabling index 'ndxTarget'.: Completed.
Info: Disabling index 'ndxTarget'. (Complete)
Info: Disabling index 'ndxUnique'.: Pending.
Info: Disabling index 'ndxUnique'.: Running.
Info: Disabling index 'ndxUnique'. (Start)
Info: Disabling index 'ndxUnique'.: Completed.
Info: Disabling index 'ndxUnique'. (Complete)
Info: Disabling index 'ndxUnique'.: Pending.
Info: Disabling index 'ndxUnique'.: Running.
Info: Disabling index 'ndxUnique'. (Start)
Info: Disabling index 'ndxUnique'.: Completed.
Info: Disabling index 'ndxUnique'. (Complete)
Info: Disabling index 'ndxUnique'.: Pending.
Info: Disabling index 'ndxUnique'.: Running.
Info: Disabling index 'ndxUnique'. (Start)
Info: Disabling index 'ndxUnique'.: Completed.
Info: Disabling index 'ndxUnique'. (Complete)
Info: Disabling indexes.: Completed.
Info: Disabling indexes. (Complete)
Info: Processing Import. 0.000 % done.
Info: Processing Table '[dbo].[aspnet_Applications]'.: Running.
Info: Processing Import. 0.000 % done.
Info: Processing Table '[dbo].[aspnet_Applications]'. 100.000 % done.
Info: Processing Table '[dbo].[aspnet_Membership]'.: Running.
Info: Processing Table '[dbo].[aspnet_Applications]'.: Completed.
Info: Processing Table '[dbo].[aspnet_Membership]'. 100.000 % done.
Info: Processing Import. 0.001 % done.
Info: Processing Table '[dbo].[aspnet_Membership]'.: Completed.
Info: Processing Table '[dbo].[aspnet_Profile]'.: Running.
Info: Processing Table '[dbo].[aspnet_Profile]'. 15.629 % done.
Info: Processing Import. 0.002 % done.
Info: Processing Table '[dbo].[aspnet_Profile]'. 67.068 % done.
Info: Processing Import. 0.004 % done.
Info: Processing Import. 0.005 % done.
Info: Processing Table '[dbo].[aspnet_Profile]'. 100.000 % done.
Info: Processing Table '[dbo].[aspnet_Profile]'.: Completed.
Info: Processing Table '[dbo].[aspnet_Roles]'.: Running.
Info: Processing Table '[dbo].[aspnet_Roles]'. 100.000 % done.
Info: Processing Table '[dbo].[aspnet_Roles]'.: Completed.
Info: Processing Import. 0.009 % done.
Info: Processing Table '[dbo].[aspnet_SchemaVersions]'.: Running.
Info: Processing Table '[dbo].[aspnet_SchemaVersions]'. 34.066 % done.
Info: Processing Import. 0.009 % done.
Info: Processing Import. 0.009 % done.
Info: Processing Import. 0.009 % done.
Info: Processing Table '[dbo].[aspnet_SchemaVersions]'. 70.330 % done.
Info: Processing Table '[dbo].[aspnet_SchemaVersions]'. 82.418 % done.
Info: Processing Import. 0.009 % done.
Info: Processing Table '[dbo].[aspnet_SchemaVersions]'. 100.000 % done.
Info: Processing Table '[dbo].[aspnet_SchemaVersions]'.: Completed.
Info: Processing Import. 0.010 % done.
Info: Processing Table '[dbo].[aspnet_Users]'.: Running.
Info: Processing Import. 0.010 % done.
Info: Processing Table '[dbo].[aspnet_Users]'. 100.000 % done.
Info: Processing Table '[dbo].[aspnet_Users]'.: Completed.
Info: Processing Table '[dbo].[Blobs]'.: Running.
Info: Processing Import. 0.058 % done.
Info: Processing Table '[dbo].[Blobs]'. 100.000 % done.
Info: Processing Table '[dbo].[Blobs]'.: Completed.
Info: Processing Table '[dbo].[Descendants]'.: Running.
Info: Processing Import. 5.409 % done.
Info: Processing Table '[dbo].[Descendants]'. 70.831 % done.
Info: Processing Import. 7.612 % done.
Info: Processing Table '[dbo].[Descendants]'. 100.000 % done.
Info: Processing Table '[dbo].[Descendants]'.: Completed.
Info: Processing Table '[dbo].[Items]'.: Running.
Info: Processing Import. 9.985 % done.
Info: Processing Table '[dbo].[Items]'. 100.000 % done.
Info: Processing Table '[dbo].[Items]'.: Completed.
Info: Processing Table '[dbo].[Links]'.: Running.
Info: Processing Import. 16.699 % done.
Info: Processing Table '[dbo].[Links]'. 52.321 % done.
Info: Processing Import. 22.819 % done.
Info: Processing Table '[dbo].[Links]'. 100.000 % done.
Info: Processing Table '[dbo].[Links]'.: Completed.
Info: Processing Table '[dbo].[RolesInRoles]'.: Running.
Info: Processing Import. 22.824 % done.
Info: Processing Table '[dbo].[RolesInRoles]'. 100.000 % done.
Info: Processing Table '[dbo].[RolesInRoles]'.: Completed.
Info: Processing Table '[dbo].[SharedFields]'.: Running.
Info: Processing Import. 29.540 % done.
Info: Processing Table '[dbo].[SharedFields]'. 80.569 % done.
Info: Processing Import. 31.159 % done.
Info: Processing Table '[dbo].[SharedFields]'. 100.000 % done.
Info: Processing Table '[dbo].[SharedFields]'.: Completed.
Info: Processing Table '[dbo].[UnversionedFields]'.: Running.
Info: Processing Import. 37.874 % done.
Info: Processing Table '[dbo].[UnversionedFields]'. 78.835 % done.
Info: Processing Import. 39.677 % done.
Info: Processing Table '[dbo].[UnversionedFields]'. 100.000 % done.
Info: Processing Table '[dbo].[UnversionedFields]'.: Completed.
Info: Processing Table '[dbo].[VersionedFields]'.: Running.
Info: Processing Table '[dbo].[VersionedFields]'. 11.131 % done.
Info: Processing Import. 46.392 % done.
Info: Processing Table '[dbo].[VersionedFields]'. 22.263 % done.
Info: Processing Import. 53.106 % done.
Info: Processing Table '[dbo].[VersionedFields]'. 33.394 % done.
Info: Processing Import. 59.821 % done.
Info: Processing Table '[dbo].[VersionedFields]'. 44.525 % done.
Info: Processing Import. 66.536 % done.
Info: Processing Table '[dbo].[VersionedFields]'. 55.656 % done.
Info: Processing Import. 73.251 % done.
Info: Processing Import. 79.965 % done.
Info: Processing Table '[dbo].[VersionedFields]'. 66.788 % done.
Info: Processing Import. 86.680 % done.
Info: Processing Table '[dbo].[VersionedFields]'. 77.919 % done.
Info: Processing Import. 93.395 % done.
Info: Processing Table '[dbo].[VersionedFields]'. 89.050 % done.
Info: Processing Table '[dbo].[VersionedFields]'. 100.000 % done.
Info: Processing Table '[dbo].[VersionedFields]'.: Completed.
Info: Processing Import. 100.000 % done.
Info: Enabling indexes.: Pending.
Info: Enabling indexes.: Running.
Info: Enabling indexes. (Start)
Info: Enabling index 'PK__aspnet_A__C93A4C9862F60B23'.: Pending.
Info: Enabling index 'PK__aspnet_A__C93A4C9862F60B23'.: Running.
Info: Enabling index 'PK__aspnet_A__C93A4C9862F60B23'. (Start)
Info: Enabling index 'PK__aspnet_A__C93A4C9862F60B23'.: Completed.
Info: Enabling index 'PK__aspnet_A__C93A4C9862F60B23'. (Complete)
Info: Enabling index 'UQ__aspnet_A__17477DE4C18FDD65'.: Pending.
Info: Enabling index 'UQ__aspnet_A__17477DE4C18FDD65'.: Running.
Info: Enabling index 'UQ__aspnet_A__17477DE4C18FDD65'. (Start)
Info: Enabling index 'UQ__aspnet_A__17477DE4C18FDD65'.: Completed.
Info: Enabling index 'UQ__aspnet_A__17477DE4C18FDD65'. (Complete)
Info: Enabling index 'UQ__aspnet_A__309103313545A734'.: Pending.
Info: Enabling index 'UQ__aspnet_A__309103313545A734'.: Running.
Info: Enabling index 'UQ__aspnet_A__309103313545A734'. (Start)
Info: Enabling index 'UQ__aspnet_A__309103313545A734'.: Completed.
Info: Enabling index 'UQ__aspnet_A__309103313545A734'. (Complete)
Info: Enabling index 'PK__aspnet_M__1788CC4D4A9425F1'.: Pending.
Info: Enabling index 'PK__aspnet_M__1788CC4D4A9425F1'.: Running.
Info: Enabling index 'PK__aspnet_M__1788CC4D4A9425F1'. (Start)
Info: Enabling index 'PK__aspnet_M__1788CC4D4A9425F1'.: Completed.
Info: Enabling index 'PK__aspnet_M__1788CC4D4A9425F1'. (Complete)
Info: Enabling index 'PK__aspnet_R__8AFACE1B44F195B2'.: Pending.
Info: Enabling index 'PK__aspnet_R__8AFACE1B44F195B2'.: Running.
Info: Enabling index 'PK__aspnet_R__8AFACE1B44F195B2'. (Start)
Info: Enabling index 'PK__aspnet_R__8AFACE1B44F195B2'.: Completed.
Info: Enabling index 'PK__aspnet_R__8AFACE1B44F195B2'. (Complete)
Info: Enabling index 'aspnet_Users_Index2'.: Pending.
Info: Enabling index 'aspnet_Users_Index2'.: Running.
Info: Enabling index 'aspnet_Users_Index2'. (Start)
Info: Enabling index 'aspnet_Users_Index2'.: Completed.
Info: Enabling index 'aspnet_Users_Index2'. (Complete)
Info: Enabling index 'ndxBlobId'.: Pending.
Info: Enabling index 'ndxBlobId'.: Running.
Info: Enabling index 'ndxBlobId'. (Start)
Info: Enabling index 'ndxBlobId'.: Completed.
Info: Enabling index 'ndxBlobId'. (Complete)
Info: Enabling index 'Descendant'.: Pending.
Info: Enabling index 'Descendant'.: Running.
Info: Enabling index 'Descendant'. (Start)
Info: Enabling index 'Descendant'.: Completed.
Info: Enabling index 'Descendant'. (Complete)
Info: Enabling index 'Descendants_PK'.: Pending.
Info: Enabling index 'Descendants_PK'.: Running.
Info: Enabling index 'Descendants_PK'. (Start)
Info: Enabling index 'Descendants_PK'.: Completed.
Info: Enabling index 'Descendants_PK'. (Complete)
Info: Enabling index 'ndxID'.: Pending.
Info: Enabling index 'ndxID'.: Running.
Info: Enabling index 'ndxID'. (Start)
Info: Enabling index 'ndxID'.: Completed.
Info: Enabling index 'ndxID'. (Complete)
Info: Enabling index 'ndxName'.: Pending.
Info: Enabling index 'ndxName'.: Running.
Info: Enabling index 'ndxName'. (Start)
Info: Enabling index 'ndxName'.: Completed.
Info: Enabling index 'ndxName'. (Complete)
Info: Enabling index 'ndxParentID'.: Pending.
Info: Enabling index 'ndxParentID'.: Running.
Info: Enabling index 'ndxParentID'. (Start)
Info: Enabling index 'ndxParentID'.: Completed.
Info: Enabling index 'ndxParentID'. (Complete)
Info: Enabling index 'ndxTemplateID'.: Pending.
Info: Enabling index 'ndxTemplateID'.: Running.
Info: Enabling index 'ndxTemplateID'. (Start)
Info: Enabling index 'ndxTemplateID'.: Completed.
Info: Enabling index 'ndxTemplateID'. (Complete)
Info: Enabling index 'ndxID'.: Pending.
Info: Enabling index 'ndxID'.: Running.
Info: Enabling index 'ndxID'. (Start)
Info: Enabling index 'ndxID'.: Completed.
Info: Enabling index 'ndxID'. (Complete)
Info: Enabling index 'ndxSourceItemID'.: Pending.
Info: Enabling index 'ndxSourceItemID'.: Running.
Info: Enabling index 'ndxSourceItemID'. (Start)
Info: Enabling index 'ndxSourceItemID'.: Completed.
Info: Enabling index 'ndxSourceItemID'. (Complete)
Info: Enabling index 'ndxTargetItemID'.: Pending.
Info: Enabling index 'ndxTargetItemID'.: Running.
Info: Enabling index 'ndxTargetItemID'. (Start)
Info: Enabling index 'ndxTargetItemID'.: Completed.
Info: Enabling index 'ndxTargetItemID'. (Complete)
Info: Enabling index 'ndxMembers'.: Pending.
Info: Enabling index 'ndxMembers'.: Running.
Info: Enabling index 'ndxMembers'. (Start)
Info: Enabling index 'ndxMembers'.: Completed.
Info: Enabling index 'ndxMembers'. (Complete)
Info: Enabling index 'ndxTarget'.: Pending.
Info: Enabling index 'ndxTarget'.: Running.
Info: Enabling index 'ndxTarget'. (Start)
Info: Enabling index 'ndxTarget'.: Completed.
Info: Enabling index 'ndxTarget'. (Complete)
Info: Enabling index 'ndxUnique'.: Pending.
Info: Enabling index 'ndxUnique'.: Running.
Info: Enabling index 'ndxUnique'. (Start)
Info: Enabling index 'ndxUnique'.: Completed.
Info: Enabling index 'ndxUnique'. (Complete)
Info: Enabling index 'ndxUnique'.: Pending.
Info: Enabling index 'ndxUnique'.: Running.
Info: Enabling index 'ndxUnique'. (Start)
Info: Enabling index 'ndxUnique'.: Completed.
Info: Enabling index 'ndxUnique'. (Complete)
Info: Enabling index 'ndxUnique'.: Pending.
Info: Enabling index 'ndxUnique'.: Running.
Info: Enabling index 'ndxUnique'. (Start)
Info: Enabling index 'ndxUnique'.: Completed.
Info: Enabling index 'ndxUnique'. (Complete)
Info: Enabling indexes.: Completed.
Info: Enabling indexes. (Complete)
Info: Processing Import.: Completed.
Info: Importing data: Completed.
Info: Importing data
Info: Updating database: Completed.
Info: Updating database (Complete)
Info: Deploying package to database: Completed.
Info: Adding database (data source=RAMONASENIE0E1F;initial catalog=xp901_Core;user id=sa)
Info: Adding database (sitemanifest/dbFullSql[@path='data source=RAMONASENIE0E1F;initial catalog=xp901_Core;user id=sa']/sqlScript)
Info: Opening SQL Connection with connection string 'data source=RAMONASENIE0E1F;initial catalog=xp901_Core;user id=sa;pooling=False'. The 'transacted' setting for this connection is 'False'.
Info: Adding database (data source=RAMONASENIE0E1F;initial catalog=xp901_Core;user id=sa)
Info: Adding database (sitemanifest/dbFullSql[@path='data source=RAMONASENIE0E1F;initial catalog=xp901_Core;user id=sa']/sqlScript)
Info: Adding database (data source=RAMONASENIE0E1F;initial catalog=xp901_Master;user id=sa)
Info: Initializing deployment: Pending.
Info: Analyzing deployment plan: Pending.
Info: Updating database: Pending.
Info: Creating deployment plan: Pending.
Info: Verifying deployment plan: Pending.
Info: Deploying package to database: Pending.
Info: Creating deployment plan: Running.
Info: Initializing deployment: Running.
Info: Initializing deployment (Start)
Info: Initializing deployment: Completed.
Info: Initializing deployment (Complete)
Info: Creating deployment plan: Completed.
Info: Verifying deployment plan: Running.
Info: Analyzing deployment plan: Running.
Info: Analyzing deployment plan (Start)
Info: Analyzing deployment plan: Completed.
Info: Analyzing deployment plan (Complete)
Info: Verifying deployment plan: Completed.
Info: Deploying package to database: Running.
Info: Updating database: Running.
Info: Updating database (Start)
Info: Creating xp901_Master...
Info: Creating [dbo].[AccessControl]...
Info: Creating [dbo].[AccessControl].[IX_AccessControl]...
Info: Creating [dbo].[Archive]...
Info: Creating [dbo].[Archive].[ndx_ItemId]...
Info: Creating [dbo].[ArchivedFields]...
Info: Creating [dbo].[ArchivedFields].[ndx_ArchivalId]...
Info: Creating [dbo].[ArchivedFields].[ndx_VersionId]...
Info: Creating [dbo].[ArchivedItems]...
Info: Creating [dbo].[ArchivedItems].[ndx_ArchivalId]...
Info: Creating [dbo].[ArchivedVersions]...
Info: Creating [dbo].[ArchivedVersions].[ndx_ItemId]...
Info: Creating [dbo].[Blobs]...
Info: Creating [dbo].[Blobs].[ndxBlobId]...
Info: Creating [dbo].[ClientData]...
Info: Creating [dbo].[ClientData].[ndxID]...
Info: Creating [dbo].[ClientData].[ndxKey]...
Info: Creating [dbo].[Descendants]...
Info: Creating [dbo].[Descendants].[Descendant]...
Info: Creating [dbo].[EventQueue]...
Info: Creating [dbo].[EventQueue].[IX_Stamp]...
Info: Creating [dbo].[History]...
Info: Creating [dbo].[History].[ndxCreated]...
Info: Creating [dbo].[IDTable]...
Info: Creating [dbo].[IDTable].[ndxID]...
Info: Creating [dbo].[IDTable].[ndxPrefixKey]...
Info: Creating [dbo].[Items]...
Info: Creating [dbo].[Items].[ndxID]...
Info: Creating [dbo].[Items].[ndxName]...
Info: Creating [dbo].[Items].[ndxParentID]...
Info: Creating [dbo].[Items].[ndxTemplateID]...
Info: Creating [dbo].[Links]...
Info: Creating [dbo].[Links].[ndxID]...
Info: Creating [dbo].[Links].[ndxSourceItemID]...
Info: Creating [dbo].[Links].[ndxTargetItemID]...
Info: Creating [dbo].[Notifications]...
Info: Creating [dbo].[Properties]...
Info: Creating [dbo].[Properties].[ndxID]...
Info: Creating [dbo].[Properties].[ndxKey]...
Info: Creating [dbo].[PublishQueue]...
Info: Creating [dbo].[PublishQueue].[ndxDate]...
Info: Creating [dbo].[PublishQueue].[ndxID]...
Info: Creating [dbo].[SharedFields]...
Info: Creating [dbo].[SharedFields].[ndxUnique]...
Info: Creating [dbo].[Tasks]...
Info: Creating [dbo].[Tasks].[ndxID]...
Info: Creating [dbo].[UnversionedFields]...
Info: Creating [dbo].[UnversionedFields].[ndxUnique]...
Info: Creating [dbo].[VersionedFields]...
Info: Creating [dbo].[VersionedFields].[ndxUnique]...
Info: Creating [dbo].[WorkflowHistory]...
Info: Creating [dbo].[WorkflowHistory].[ndxID]...
Info: Creating [dbo].[WorkflowHistory].[ndxItemID]...
Info: Creating [dbo].[DF_Blobs_Id]...
Info: Creating [dbo].[DF_ClientData_ID]...
Info: Creating [dbo].[DF_EventQueue_Created]...
Info: Creating [dbo].[DF_History_AdditionalInfo]...
Info: Creating [dbo].[DF_History_Id]...
Info: Creating [dbo].[DF_History_ItemPath]...
Info: Creating [dbo].[DF_History_TaskStack]...
Info: Creating [dbo].[DF_IDTable_ID]...
Info: Creating [dbo].[DF_Links_ID]...
Info: Creating [dbo].[DF_Links_SourceLanguage]...
Info: Creating [dbo].[DF_Links_SourceVersion]...
Info: Creating [dbo].[DF_Links_TargetLanguage]...
Info: Creating [dbo].[DF_Links_TargetVersion]...
Info: Creating [dbo].[DF_Properties_ID]...
Info: Creating [dbo].[DF_PublishQueue_Action]...
Info: Creating [dbo].[DF_PublishQueue_ID]...
Info: Creating [dbo].[DF_PublishQueue_Language]...
Info: Creating [dbo].[DF_PublishQueue_Version]...
Info: Creating [dbo].[DF_SharedFields_Id]...
Info: Creating [dbo].[DF_UnversionedFields_Id]...
Info: Creating [dbo].[DF_VersionedFields_Id]...
Info: Creating [dbo].[DF_WorkflowHistory_ID]...
Info: Creating [dbo].[Fields]...
Info: The transacted portion of the database update succeeded.
Info: Update complete.
Info: Importing data: Pending.
Info: Importing data
Info: Importing data: Running.
Info: Processing Table '[dbo].[Descendants]'.: Pending.
Info: Processing Table '[dbo].[Blobs]'.: Pending.
Info: Processing Table '[dbo].[SharedFields]'.: Pending.
Info: Processing Table '[dbo].[UnversionedFields]'.: Pending.
Info: Processing Table '[dbo].[VersionedFields]'.: Pending.
Info: Processing Table '[dbo].[Items]'.: Pending.
Info: Processing Import.: Running.
Info: Disabling indexes.: Pending.
Info: Disabling indexes.: Running.
Info: Disabling indexes. (Start)
Info: Disabling index 'ndxBlobId'.: Pending.
Info: Disabling index 'ndxBlobId'.: Running.
Info: Disabling index 'ndxBlobId'. (Start)
Info: Disabling index 'ndxBlobId'.: Completed.
Info: Disabling index 'ndxBlobId'. (Complete)
Info: Disabling index 'Descendant'.: Pending.
Info: Disabling index 'Descendant'.: Running.
Info: Disabling index 'Descendant'. (Start)
Info: Disabling index 'Descendant'.: Completed.
Info: Disabling index 'Descendant'. (Complete)
Info: Disabling index 'Descendants_PK'.: Pending.
Info: Disabling index 'Descendants_PK'.: Running.
Info: Disabling index 'Descendants_PK'. (Start)
Info: Disabling index 'Descendants_PK'.: Completed.
Info: Disabling index 'Descendants_PK'. (Complete)
Info: Disabling index 'ndxID'.: Pending.
Info: Disabling index 'ndxID'.: Running.
Info: Disabling index 'ndxID'. (Start)
Info: Disabling index 'ndxID'.: Completed.
Info: Disabling index 'ndxID'. (Complete)
Info: Disabling index 'ndxName'.: Pending.
Info: Disabling index 'ndxName'.: Running.
Info: Disabling index 'ndxName'. (Start)
Info: Disabling index 'ndxName'.: Completed.
Info: Disabling index 'ndxName'. (Complete)
Info: Disabling index 'ndxParentID'.: Pending.
Info: Disabling index 'ndxParentID'.: Running.
Info: Disabling index 'ndxParentID'. (Start)
Info: Disabling index 'ndxParentID'.: Completed.
Info: Disabling index 'ndxParentID'. (Complete)
Info: Disabling index 'ndxTemplateID'.: Pending.
Info: Disabling index 'ndxTemplateID'.: Running.
Info: Disabling index 'ndxTemplateID'. (Start)
Info: Disabling index 'ndxTemplateID'.: Completed.
Info: Disabling index 'ndxTemplateID'. (Complete)
Info: Disabling index 'ndxUnique'.: Pending.
Info: Disabling index 'ndxUnique'.: Running.
Info: Disabling index 'ndxUnique'. (Start)
Info: Disabling index 'ndxUnique'.: Completed.
Info: Disabling index 'ndxUnique'. (Complete)
Info: Disabling index 'ndxUnique'.: Pending.
Info: Disabling index 'ndxUnique'.: Running.
Info: Disabling index 'ndxUnique'. (Start)
Info: Disabling index 'ndxUnique'.: Completed.
Info: Disabling index 'ndxUnique'. (Complete)
Info: Disabling index 'ndxUnique'.: Pending.
Info: Disabling index 'ndxUnique'.: Running.
Info: Disabling index 'ndxUnique'. (Start)
Info: Disabling index 'ndxUnique'.: Completed.
Info: Disabling index 'ndxUnique'. (Complete)
Info: Disabling indexes.: Completed.
Info: Disabling indexes. (Complete)
Info: Processing Import. 0.000 % done.
Info: Processing Table '[dbo].[Blobs]'.: Running.
Info: Processing Table '[dbo].[Blobs]'. 100.000 % done.
Info: Processing Table '[dbo].[Blobs]'.: Completed.
Info: Processing Import. 12.699 % done.
Info: Processing Table '[dbo].[Descendants]'.: Running.
Info: Processing Table '[dbo].[Descendants]'. 100.000 % done.
Info: Processing Import. 19.931 % done.
Info: Processing Table '[dbo].[Descendants]'.: Completed.
Info: Processing Table '[dbo].[Items]'.: Running.
Info: Processing Import. 22.219 % done.
Info: Processing Table '[dbo].[Items]'. 100.000 % done.
Info: Processing Table '[dbo].[Items]'.: Completed.
Info: Processing Table '[dbo].[SharedFields]'.: Running.
Info: Processing Import. 28.673 % done.
Info: Processing Table '[dbo].[SharedFields]'. 100.000 % done.
Info: Processing Table '[dbo].[SharedFields]'.: Completed.
Info: Processing Table '[dbo].[UnversionedFields]'.: Running.
Info: Processing Table '[dbo].[UnversionedFields]'. 100.000 % done.
Info: Processing Import. 37.648 % done.
Info: Processing Table '[dbo].[UnversionedFields]'.: Completed.
Info: Processing Table '[dbo].[VersionedFields]'.: Running.
Info: Processing Table '[dbo].[VersionedFields]'. 53.103 % done.
Info: Processing Import. 70.759 % done.
Info: Processing Import. 100.000 % done.
Info: Processing Table '[dbo].[VersionedFields]'. 100.000 % done.
Info: Processing Table '[dbo].[VersionedFields]'.: Completed.
Info: Enabling indexes.: Pending.
Info: Enabling indexes.: Running.
Info: Enabling indexes. (Start)
Info: Enabling index 'ndxBlobId'.: Pending.
Info: Enabling index 'ndxBlobId'.: Running.
Info: Enabling index 'ndxBlobId'. (Start)
Info: Enabling index 'ndxBlobId'.: Completed.
Info: Enabling index 'ndxBlobId'. (Complete)
Info: Enabling index 'Descendant'.: Pending.
Info: Enabling index 'Descendant'.: Running.
Info: Enabling index 'Descendant'. (Start)
Info: Enabling index 'Descendant'.: Completed.
Info: Enabling index 'Descendant'. (Complete)
Info: Enabling index 'Descendants_PK'.: Pending.
Info: Enabling index 'Descendants_PK'.: Running.
Info: Enabling index 'Descendants_PK'. (Start)
Info: Enabling index 'Descendants_PK'.: Completed.
Info: Enabling index 'Descendants_PK'. (Complete)
Info: Enabling index 'ndxID'.: Pending.
Info: Enabling index 'ndxID'.: Running.
Info: Enabling index 'ndxID'. (Start)
Info: Enabling index 'ndxID'.: Completed.
Info: Enabling index 'ndxID'. (Complete)
Info: Enabling index 'ndxName'.: Pending.
Info: Enabling index 'ndxName'.: Running.
Info: Enabling index 'ndxName'. (Start)
Info: Enabling index 'ndxName'.: Completed.
Info: Enabling index 'ndxName'. (Complete)
Info: Enabling index 'ndxParentID'.: Pending.
Info: Enabling index 'ndxParentID'.: Running.
Info: Enabling index 'ndxParentID'. (Start)
Info: Enabling index 'ndxParentID'.: Completed.
Info: Enabling index 'ndxParentID'. (Complete)
Info: Enabling index 'ndxTemplateID'.: Pending.
Info: Enabling index 'ndxTemplateID'.: Running.
Info: Enabling index 'ndxTemplateID'. (Start)
Info: Enabling index 'ndxTemplateID'.: Completed.
Info: Enabling index 'ndxTemplateID'. (Complete)
Info: Enabling index 'ndxUnique'.: Pending.
Info: Enabling index 'ndxUnique'.: Running.
Info: Enabling index 'ndxUnique'. (Start)
Info: Enabling index 'ndxUnique'.: Completed.
Info: Enabling index 'ndxUnique'. (Complete)
Info: Enabling index 'ndxUnique'.: Pending.
Info: Enabling index 'ndxUnique'.: Running.
Info: Enabling index 'ndxUnique'. (Start)
Info: Enabling index 'ndxUnique'.: Completed.
Info: Enabling index 'ndxUnique'. (Complete)
Info: Enabling index 'ndxUnique'.: Pending.
Info: Enabling index 'ndxUnique'.: Running.
Info: Enabling index 'ndxUnique'. (Start)
Info: Enabling index 'ndxUnique'.: Completed.
Info: Enabling index 'ndxUnique'. (Complete)
Info: Enabling indexes.: Completed.
Info: Enabling indexes. (Complete)
Info: Processing Import.: Completed.
Info: Importing data: Completed.
Info: Importing data
Info: Updating database: Completed.
Info: Updating database (Complete)
Info: Deploying package to database: Completed.
Info: Adding database (data source=RAMONASENIE0E1F;initial catalog=xp901_Master;user id=sa)
Info: Adding database (sitemanifest/dbFullSql[@path='data source=RAMONASENIE0E1F;initial catalog=xp901_Master;user id=sa']/sqlScript)
Info: Opening SQL Connection with connection string 'data source=RAMONASENIE0E1F;initial catalog=xp901_Master;user id=sa;pooling=False'. The 'transacted' setting for this connection is 'False'.
Info: Adding database (data source=RAMONASENIE0E1F;initial catalog=xp901_Web;user id=sa)
Info: Initializing deployment: Pending.
Info: Analyzing deployment plan: Pending.
Info: Updating database: Pending.
Info: Creating deployment plan: Pending.
Info: Verifying deployment plan: Pending.
Info: Deploying package to database: Pending.
Info: Creating deployment plan: Running.
Info: Initializing deployment: Running.
Info: Initializing deployment (Start)
Info: Initializing deployment: Completed.
Info: Initializing deployment (Complete)
Info: Creating deployment plan: Completed.
Info: Verifying deployment plan: Running.
Info: Analyzing deployment plan: Running.
Info: Analyzing deployment plan (Start)
Info: Analyzing deployment plan: Completed.
Info: Analyzing deployment plan (Complete)
Info: Verifying deployment plan: Completed.
Info: Deploying package to database: Running.
Info: Updating database: Running.
Info: Updating database (Start)
Info: Creating xp901_Web...
Info: Creating [dbo].[AccessControl]...
Info: Creating [dbo].[AccessControl].[IX_AccessControl]...
Info: Creating [dbo].[Archive]...
Info: Creating [dbo].[Archive].[ndx_ItemId]...
Info: Creating [dbo].[ArchivedFields]...
Info: Creating [dbo].[ArchivedFields].[ndx_ArchivalId]...
Info: Creating [dbo].[ArchivedFields].[ndx_VersionId]...
Info: Creating [dbo].[ArchivedItems]...
Info: Creating [dbo].[ArchivedItems].[ndx_ArchivalId]...
Info: Creating [dbo].[ArchivedVersions]...
Info: Creating [dbo].[ArchivedVersions].[ndx_ItemId]...
Info: Creating [dbo].[Blobs]...
Info: Creating [dbo].[Blobs].[ndxBlobId]...
Info: Creating [dbo].[ClientData]...
Info: Creating [dbo].[ClientData].[ndxID]...
Info: Creating [dbo].[ClientData].[ndxKey]...
Info: Creating [dbo].[Descendants]...
Info: Creating [dbo].[Descendants].[Descendant]...
Info: Creating [dbo].[EventQueue]...
Info: Creating [dbo].[EventQueue].[IX_Stamp]...
Info: Creating [dbo].[History]...
Info: Creating [dbo].[History].[ndxCreated]...
Info: Creating [dbo].[IDTable]...
Info: Creating [dbo].[IDTable].[ndxID]...
Info: Creating [dbo].[IDTable].[ndxPrefixKey]...
Info: Creating [dbo].[Items]...
Info: Creating [dbo].[Items].[ndxID]...
Info: Creating [dbo].[Items].[ndxName]...
Info: Creating [dbo].[Items].[ndxParentID]...
Info: Creating [dbo].[Items].[ndxTemplateID]...
Info: Creating [dbo].[Links]...
Info: Creating [dbo].[Links].[ndxID]...
Info: Creating [dbo].[Links].[ndxSourceItemID]...
Info: Creating [dbo].[Links].[ndxTargetItemID]...
Info: Creating [dbo].[Notifications]...
Info: Creating [dbo].[Properties]...
Info: Creating [dbo].[Properties].[ndxID]...
Info: Creating [dbo].[Properties].[ndxKey]...
Info: Creating [dbo].[PublishQueue]...
Info: Creating [dbo].[PublishQueue].[ndxDate]...
Info: Creating [dbo].[PublishQueue].[ndxID]...
Info: Creating [dbo].[SharedFields]...
Info: Creating [dbo].[SharedFields].[ndxUnique]...
Info: Creating [dbo].[Tasks]...
Info: Creating [dbo].[Tasks].[ndxID]...
Info: Creating [dbo].[UnversionedFields]...
Info: Creating [dbo].[UnversionedFields].[ndxUnique]...
Info: Creating [dbo].[VersionedFields]...
Info: Creating [dbo].[VersionedFields].[ndxUnique]...
Info: Creating [dbo].[WorkflowHistory]...
Info: Creating [dbo].[WorkflowHistory].[ndxID]...
Info: Creating [dbo].[WorkflowHistory].[ndxItemID]...
Info: Creating [dbo].[DF_Blobs_Id]...
Info: Creating [dbo].[DF_ClientData_ID]...
Info: Creating [dbo].[DF_EventQueue_Created]...
Info: Creating [dbo].[DF_History_AdditionalInfo]...
Info: Creating [dbo].[DF_History_Id]...
Info: Creating [dbo].[DF_History_ItemPath]...
Info: Creating [dbo].[DF_History_TaskStack]...
Info: Creating [dbo].[DF_IDTable_ID]...
Info: Creating [dbo].[DF_Links_ID]...
Info: Creating [dbo].[DF_Links_SourceLanguage]...
Info: Creating [dbo].[DF_Links_SourceVersion]...
Info: Creating [dbo].[DF_Links_TargetLanguage]...
Info: Creating [dbo].[DF_Links_TargetVersion]...
Info: Creating [dbo].[DF_Properties_ID]...
Info: Creating [dbo].[DF_PublishQueue_Action]...
Info: Creating [dbo].[DF_PublishQueue_ID]...
Info: Creating [dbo].[DF_PublishQueue_Language]...
Info: Creating [dbo].[DF_PublishQueue_Version]...
Info: Creating [dbo].[DF_SharedFields_Id]...
Info: Creating [dbo].[DF_UnversionedFields_Id]...
Info: Creating [dbo].[DF_VersionedFields_Id]...
Info: Creating [dbo].[DF_WorkflowHistory_ID]...
Info: Creating [dbo].[Fields]...
Info: The transacted portion of the database update succeeded.
Info: Update complete.
Info: Importing data: Pending.
Info: Importing data
Info: Importing data: Running.
Info: Processing Table '[dbo].[Blobs]'.: Pending.
Info: Processing Table '[dbo].[Descendants]'.: Pending.
Info: Processing Table '[dbo].[Items]'.: Pending.
Info: Processing Table '[dbo].[VersionedFields]'.: Pending.
Info: Processing Table '[dbo].[UnversionedFields]'.: Pending.
Info: Processing Table '[dbo].[SharedFields]'.: Pending.
Info: Processing Import.: Running.
Info: Disabling indexes.: Pending.
Info: Disabling indexes.: Running.
Info: Disabling indexes. (Start)
Info: Disabling index 'ndxBlobId'.: Pending.
Info: Disabling index 'ndxBlobId'.: Running.
Info: Disabling index 'ndxBlobId'. (Start)
Info: Disabling index 'ndxBlobId'.: Completed.
Info: Disabling index 'ndxBlobId'. (Complete)
Info: Disabling index 'Descendant'.: Pending.
Info: Disabling index 'Descendant'.: Running.
Info: Disabling index 'Descendant'. (Start)
Info: Disabling index 'Descendant'.: Completed.
Info: Disabling index 'Descendant'. (Complete)
Info: Disabling index 'Descendants_PK'.: Pending.
Info: Disabling index 'Descendants_PK'.: Running.
Info: Disabling index 'Descendants_PK'. (Start)
Info: Disabling index 'Descendants_PK'.: Completed.
Info: Disabling index 'Descendants_PK'. (Complete)
Info: Disabling index 'ndxID'.: Pending.
Info: Disabling index 'ndxID'.: Running.
Info: Disabling index 'ndxID'. (Start)
Info: Disabling index 'ndxID'.: Completed.
Info: Disabling index 'ndxID'. (Complete)
Info: Disabling index 'ndxName'.: Pending.
Info: Disabling index 'ndxName'.: Running.
Info: Disabling index 'ndxName'. (Start)
Info: Disabling index 'ndxName'.: Completed.
Info: Disabling index 'ndxName'. (Complete)
Info: Disabling index 'ndxParentID'.: Pending.
Info: Disabling index 'ndxParentID'.: Running.
Info: Disabling index 'ndxParentID'. (Start)
Info: Disabling index 'ndxParentID'.: Completed.
Info: Disabling index 'ndxParentID'. (Complete)
Info: Disabling index 'ndxTemplateID'.: Pending.
Info: Disabling index 'ndxTemplateID'.: Running.
Info: Disabling index 'ndxTemplateID'. (Start)
Info: Disabling index 'ndxTemplateID'.: Completed.
Info: Disabling index 'ndxTemplateID'. (Complete)
Info: Disabling index 'ndxUnique'.: Pending.
Info: Disabling index 'ndxUnique'.: Running.
Info: Disabling index 'ndxUnique'. (Start)
Info: Disabling index 'ndxUnique'.: Completed.
Info: Disabling index 'ndxUnique'. (Complete)
Info: Disabling index 'ndxUnique'.: Pending.
Info: Disabling index 'ndxUnique'.: Running.
Info: Disabling index 'ndxUnique'. (Start)
Info: Disabling index 'ndxUnique'.: Completed.
Info: Disabling index 'ndxUnique'. (Complete)
Info: Disabling index 'ndxUnique'.: Pending.
Info: Disabling index 'ndxUnique'.: Running.
Info: Disabling index 'ndxUnique'. (Start)
Info: Disabling index 'ndxUnique'.: Completed.
Info: Disabling index 'ndxUnique'. (Complete)
Info: Disabling indexes.: Completed.
Info: Disabling indexes. (Complete)
Info: Processing Import. 0.000 % done.
Info: Processing Table '[dbo].[Blobs]'.: Running.
Info: Processing Import. 27.547 % done.
Info: Processing Table '[dbo].[Blobs]'. 100.000 % done.
Info: Processing Table '[dbo].[Blobs]'.: Completed.
Info: Processing Table '[dbo].[Descendants]'.: Running.
Info: Processing Table '[dbo].[Descendants]'. 100.000 % done.
Info: Processing Import. 43.232 % done.
Info: Processing Table '[dbo].[Descendants]'.: Completed.
Info: Processing Table '[dbo].[Items]'.: Running.
Info: Processing Table '[dbo].[Items]'. 100.000 % done.
Info: Processing Import. 48.193 % done.
Info: Processing Table '[dbo].[Items]'.: Completed.
Info: Processing Table '[dbo].[SharedFields]'.: Running.
Info: Processing Import. 62.144 % done.
Info: Processing Table '[dbo].[SharedFields]'. 100.000 % done.
Info: Processing Table '[dbo].[SharedFields]'.: Completed.
Info: Processing Table '[dbo].[UnversionedFields]'.: Running.
Info: Processing Table '[dbo].[UnversionedFields]'. 100.000 % done.
Info: Processing Import. 63.770 % done.
Info: Processing Table '[dbo].[UnversionedFields]'.: Completed.
Info: Processing Table '[dbo].[VersionedFields]'.: Running.
Info: Processing Table '[dbo].[VersionedFields]'. 100.000 % done.
Info: Processing Import. 100.000 % done.
Info: Processing Table '[dbo].[VersionedFields]'.: Completed.
Info: Enabling indexes.: Pending.
Info: Enabling indexes.: Running.
Info: Enabling indexes. (Start)
Info: Enabling index 'ndxBlobId'.: Pending.
Info: Enabling index 'ndxBlobId'.: Running.
Info: Enabling index 'ndxBlobId'. (Start)
Info: Enabling index 'ndxBlobId'.: Completed.
Info: Enabling index 'ndxBlobId'. (Complete)
Info: Enabling index 'Descendant'.: Pending.
Info: Enabling index 'Descendant'.: Running.
Info: Enabling index 'Descendant'. (Start)
Info: Enabling index 'Descendant'.: Completed.
Info: Enabling index 'Descendant'. (Complete)
Info: Enabling index 'Descendants_PK'.: Pending.
Info: Enabling index 'Descendants_PK'.: Running.
Info: Enabling index 'Descendants_PK'. (Start)
Info: Enabling index 'Descendants_PK'.: Completed.
Info: Enabling index 'Descendants_PK'. (Complete)
Info: Enabling index 'ndxID'.: Pending.
Info: Enabling index 'ndxID'.: Running.
Info: Enabling index 'ndxID'. (Start)
Info: Enabling index 'ndxID'.: Completed.
Info: Enabling index 'ndxID'. (Complete)
Info: Enabling index 'ndxName'.: Pending.
Info: Enabling index 'ndxName'.: Running.
Info: Enabling index 'ndxName'. (Start)
Info: Enabling index 'ndxName'.: Completed.
Info: Enabling index 'ndxName'. (Complete)
Info: Enabling index 'ndxParentID'.: Pending.
Info: Enabling index 'ndxParentID'.: Running.
Info: Enabling index 'ndxParentID'. (Start)
Info: Enabling index 'ndxParentID'.: Completed.
Info: Enabling index 'ndxParentID'. (Complete)
Info: Enabling index 'ndxTemplateID'.: Pending.
Info: Enabling index 'ndxTemplateID'.: Running.
Info: Enabling index 'ndxTemplateID'. (Start)
Info: Enabling index 'ndxTemplateID'.: Completed.
Info: Enabling index 'ndxTemplateID'. (Complete)
Info: Enabling index 'ndxUnique'.: Pending.
Info: Enabling index 'ndxUnique'.: Running.
Info: Enabling index 'ndxUnique'. (Start)
Info: Enabling index 'ndxUnique'.: Completed.
Info: Enabling index 'ndxUnique'. (Complete)
Info: Enabling index 'ndxUnique'.: Pending.
Info: Enabling index 'ndxUnique'.: Running.
Info: Enabling index 'ndxUnique'. (Start)
Info: Enabling index 'ndxUnique'.: Completed.
Info: Enabling index 'ndxUnique'. (Complete)
Info: Enabling index 'ndxUnique'.: Pending.
Info: Enabling index 'ndxUnique'.: Running.
Info: Enabling index 'ndxUnique'. (Start)
Info: Enabling index 'ndxUnique'.: Completed.
Info: Enabling index 'ndxUnique'. (Complete)
Info: Enabling indexes.: Completed.
Info: Enabling indexes. (Complete)
Info: Processing Import.: Completed.
Info: Importing data: Completed.
Info: Importing data
Info: Updating database: Completed.
Info: Updating database (Complete)
Info: Deploying package to database: Completed.
Info: Adding database (data source=RAMONASENIE0E1F;initial catalog=xp901_Web;user id=sa)
Info: Adding database (sitemanifest/dbFullSql[@path='data source=RAMONASENIE0E1F;initial catalog=xp901_Web;user id=sa']/sqlScript)
Info: Opening SQL Connection with connection string 'data source=RAMONASENIE0E1F;initial catalog=xp901_Web;user id=sa;pooling=False'. The 'transacted' setting for this connection is 'False'.
Info: Adding database (data source=RAMONASENIE0E1F;initial catalog=xp901_ExperienceForms;user id=sa)
Info: Initializing deployment: Pending.
Info: Analyzing deployment plan: Pending.
Info: Updating database: Pending.
Info: Creating deployment plan: Pending.
Info: Verifying deployment plan: Pending.
Info: Deploying package to database: Pending.
Info: Creating deployment plan: Running.
Info: Initializing deployment: Running.
Info: Initializing deployment (Start)
Info: Initializing deployment: Completed.
Info: Initializing deployment (Complete)
Info: Creating deployment plan: Completed.
Info: Verifying deployment plan: Running.
Info: Analyzing deployment plan: Running.
Info: Analyzing deployment plan (Start)
Info: Analyzing deployment plan: Completed.
Info: Analyzing deployment plan (Complete)
Info: Verifying deployment plan: Completed.
Info: Deploying package to database: Running.
Info: Updating database: Running.
Info: Updating database (Start)
Info: Creating xp901_ExperienceForms...
Info: Creating [dbo].[FieldData]...
Info: Creating [dbo].[FormEntry]...
Info: Creating [dbo].[FK_FieldData_FormEntry]...
Info: The transacted portion of the database update succeeded.
Info: Update complete.
Info: Updating database: Completed.
Info: Updating database (Complete)
Info: Deploying package to database: Completed.
Info: Adding database (data source=RAMONASENIE0E1F;initial catalog=xp901_ExperienceForms;user id=sa)
Info: Adding database (sitemanifest/dbFullSql[@path='data source=RAMONASENIE0E1F;initial catalog=xp901_ExperienceForms;user id=sa']/sqlScript)
Info: Opening SQL Connection with connection string 'data source=RAMONASENIE0E1F;initial catalog=xp901_ExperienceForms;user id=sa;pooling=False'. The 'transacted' setting for this connection is 'False'.
Info: Adding database (data source=RAMONASENIE0E1F;initial catalog=xp901_EXM.Master;user id=sa)
Info: Initializing deployment: Pending.
Info: Analyzing deployment plan: Pending.
Info: Updating database: Pending.
Info: Creating deployment plan: Pending.
Info: Verifying deployment plan: Pending.
Info: Deploying package to database: Pending.
Info: Creating deployment plan: Running.
Info: Initializing deployment: Running.
Info: Initializing deployment (Start)
Info: Initializing deployment: Completed.
Info: Initializing deployment (Complete)
Info: Creating deployment plan: Completed.
Info: Verifying deployment plan: Running.
Info: Analyzing deployment plan: Running.
Info: Analyzing deployment plan (Start)
Info: Analyzing deployment plan: Completed.
Info: Analyzing deployment plan (Complete)
Info: Verifying deployment plan: Completed.
Info: Deploying package to database: Running.
Info: Updating database: Running.
Info: Updating database (Start)
Info: Creating xp901_EXM.Master...
Info: Creating [dbo].[SessionIDs]...
Info: Creating [dbo].[TasksDto]...
Info: Creating [dbo].[TasksIDs]...
Info: Creating [dbo].[Campaigns]...
Info: Creating [dbo].[Campaigns].[IX_Campaigns_CampaignID]...
Info: Creating [dbo].[Campaigns].[IX_Campaigns_MessageType]...
Info: Creating [dbo].[Campaigns].[IX_Campaigns_ScheduledDate]...
Info: Creating [dbo].[Campaigns].[IX_Campaigns_StatusDate]...
Info: Creating [dbo].[Campaigns].[IX_Campaigns_Value]...
Info: Creating [dbo].[Campaigns].[IX_Campaigns_ValuePerEmail]...
Info: Creating [dbo].[Campaigns].[IX_Campaigns_ValuePerVisit]...
Info: Creating [dbo].[DispatchQueue]...
Info: Creating [dbo].[DispatchQueue].[ix_messagequeue_updates_by_message_id]...
Info: Creating [dbo].[Sessions]...
Info: Creating [dbo].[Sessions].[IX_Sessions_IsActive_ExpirationTime]...
Info: Creating [dbo].[Suppressions]...
Info: Creating [dbo].[Suppressions].[IX_Suppressions]...
Info: Creating [dbo].[SyncLog]...
Info: Creating [dbo].[Tasks]...
Info: Creating [dbo].[Tasks].[IX_Tasks_TaskPoolID_StateID_Timestamp]...
Info: Creating unnamed constraint on [dbo].[Campaigns]...
Info: Creating unnamed constraint on [dbo].[Campaigns]...
Info: Creating unnamed constraint on [dbo].[Campaigns]...
Info: Creating unnamed constraint on [dbo].[Campaigns]...
Info: Creating unnamed constraint on [dbo].[Campaigns]...
Info: Creating unnamed constraint on [dbo].[Campaigns]...
Info: Creating unnamed constraint on [dbo].[Campaigns]...
Info: Creating unnamed constraint on [dbo].[Campaigns]...
Info: Creating unnamed constraint on [dbo].[Campaigns]...
Info: Creating unnamed constraint on [dbo].[Campaigns]...
Info: Creating unnamed constraint on [dbo].[Campaigns]...
Info: Creating unnamed constraint on [dbo].[Campaigns]...
Info: Creating unnamed constraint on [dbo].[Campaigns]...
Info: Creating unnamed constraint on [dbo].[Campaigns]...
Info: Creating unnamed constraint on [dbo].[Campaigns]...
Info: Creating unnamed constraint on [dbo].[Campaigns]...
Info: Creating unnamed constraint on [dbo].[Campaigns]...
Info: Creating unnamed constraint on [dbo].[Campaigns]...
Info: Creating unnamed constraint on [dbo].[Campaigns]...
Info: Creating unnamed constraint on [dbo].[Campaigns]...
Info: Creating unnamed constraint on [dbo].[Campaigns]...
Info: Creating unnamed constraint on [dbo].[Campaigns]...
Info: Creating unnamed constraint on [dbo].[Campaigns]...
Info: Creating unnamed constraint on [dbo].[Campaigns]...
Info: Creating [dbo].[DF_Suppressions_ModifiedTime]...
Info: The transacted portion of the database update succeeded.
Info: Update complete.
Info: Importing data: Pending.
Info: Importing data
Info: Importing data: Running.
Info: Processing Table '[dbo].[Sessions]'.: Pending.
Info: Processing Import.: Running.
Info: Disabling indexes.: Pending.
Info: Disabling indexes.: Running.
Info: Disabling indexes. (Start)
Info: Disabling index 'IX_Sessions_IsActive_ExpirationTime'.: Pending.
Info: Disabling index 'IX_Sessions_IsActive_ExpirationTime'.: Running.
Info: Disabling index 'IX_Sessions_IsActive_ExpirationTime'. (Start)
Info: Disabling index 'IX_Sessions_IsActive_ExpirationTime'.: Completed.
Info: Disabling index 'IX_Sessions_IsActive_ExpirationTime'. (Complete)
Info: Disabling indexes.: Completed.
Info: Disabling indexes. (Complete)
Info: Processing Import. 0.000 % done.
Info: Processing Table '[dbo].[Sessions]'.: Running.
Info: Processing Table '[dbo].[Sessions]'. 51.807 % done.
Info: Processing Import. 51.807 % done.
Info: Processing Import. 100.000 % done.
Info: Processing Table '[dbo].[Sessions]'. 100.000 % done.
Info: Processing Table '[dbo].[Sessions]'.: Completed.
Info: Enabling indexes.: Pending.
Info: Enabling indexes.: Running.
Info: Enabling indexes. (Start)
Info: Enabling index 'IX_Sessions_IsActive_ExpirationTime'.: Pending.
Info: Enabling index 'IX_Sessions_IsActive_ExpirationTime'.: Running.
Info: Enabling index 'IX_Sessions_IsActive_ExpirationTime'. (Start)
Info: Enabling index 'IX_Sessions_IsActive_ExpirationTime'.: Completed.
Info: Enabling index 'IX_Sessions_IsActive_ExpirationTime'. (Complete)
Info: Enabling indexes.: Completed.
Info: Enabling indexes. (Complete)
Info: Processing Import.: Completed.
Info: Importing data: Completed.
Info: Importing data
Info: Updating database: Completed.
Info: Updating database (Complete)
Info: Deploying package to database: Completed.
Info: Adding database (data source=RAMONASENIE0E1F;initial catalog=xp901_EXM.Master;user id=sa)
Info: Adding database (sitemanifest/dbFullSql[@path='data source=RAMONASENIE0E1F;initial catalog=xp901_EXM.Master;user id=sa']/sqlScript)
Info: Opening SQL Connection with connection string 'data source=RAMONASENIE0E1F;initial catalog=xp901_EXM.Master;user id=sa;pooling=False'. The 'transacted' setting for this connection is 'False'.
Info: Adding database (data source=RAMONASENIE0E1F;initial catalog=xp901_Reporting;user id=sa)
Info: Initializing deployment: Pending.
Info: Analyzing deployment plan: Pending.
Info: Updating database: Pending.
Info: Creating deployment plan: Pending.
Info: Verifying deployment plan: Pending.
Info: Deploying package to database: Pending.
Info: Creating deployment plan: Running.
Info: Initializing deployment: Running.
Info: Initializing deployment (Start)
Info: Initializing deployment: Completed.
Info: Initializing deployment (Complete)
Info: Creating deployment plan: Completed.
Info: Verifying deployment plan: Running.
Info: Analyzing deployment plan: Running.
Info: Analyzing deployment plan (Start)
Info: Analyzing deployment plan: Completed.
Info: Analyzing deployment plan (Complete)
Info: Verifying deployment plan: Completed.
Info: Deploying package to database: Running.
Info: Updating database: Running.
Info: Updating database (Start)
Info: Creating xp901_Reporting...
Info: Creating [dbo].[Accounts_Type]...
Info: Creating [dbo].[ArrayOfGuids]...
Info: Creating [dbo].[ArrayOfRanges]...
Info: Creating [dbo].[Assets_Type]...
Info: Creating [dbo].[BusinessUnits_Type]...
Info: Creating [dbo].[CampaignMetrics_Type]...
Info: Creating [dbo].[ChannelMetrics_Type]...
Info: Creating [dbo].[Contacts_Type]...
Info: Creating [dbo].[Conversions_Type]...
Info: Creating [dbo].[ConversionsMetrics_Type]...
Info: Creating [dbo].[DeviceMetrics_Type]...
Info: Creating [dbo].[DeviceNames_Type]...
Info: Creating [dbo].[DimensionKeys_Type]...
Info: Creating [dbo].[DownloadEventMetrics_Type]...
Info: Creating [dbo].[Downloads_Type]...
Info: Creating [dbo].[FailureDetails_Type]...
Info: Creating [dbo].[Failures_Type]...
Info: Creating [dbo].[FollowHits_Type]...
Info: Creating [dbo].[GeoMetrics_Type]...
Info: Creating [dbo].[GoalMetrics_Type]...
Info: Creating [dbo].[InteractionTrailEntry]...
Info: Creating [dbo].[Items_Type]...
Info: Creating [dbo].[Keywords_Type]...
Info: Creating [dbo].[LanguageMetrics_Type]...
Info: Creating [dbo].[Languages_Type]...
Info: Creating [dbo].[OutcomeMetrics_Type]...
Info: Creating [dbo].[PageMetrics_Type]...
Info: Creating [dbo].[PageViews_Type]...
Info: Creating [dbo].[PageViewsMetrics_Type]...
Info: Creating [dbo].[PatternMetrics_Type]...
Info: Creating [dbo].[ReferringSiteMetrics_Type]...
Info: Creating [dbo].[ReferringSites_Type]...
Info: Creating [dbo].[SearchMetrics_Type]...
Info: Creating [dbo].[SegmentMetrics_Type]...
Info: Creating [dbo].[SegmentRecords_Type]...
Info: Creating [dbo].[SiteNames_Type]...
Info: Creating [dbo].[SiteSearches_Type]...
Info: Creating [dbo].[SlowPages_Type]...
Info: Creating [dbo].[Traffic_Type]...
Info: Creating [dbo].[TreeData]...
Info: Creating [dbo].[TreeKeys]...
Info: Creating [dbo].[ValueBySource_Type]...
Info: Creating [dbo].[Visits_Type]...
Info: Creating [dbo].[VisitsByBusinessContactLocation_Type]...
Info: Creating [dbo].[Accounts]...
Info: Creating [dbo].[Assets]...
Info: Creating [dbo].[Assets].[IX_Assets_Url]...
Info: Creating [dbo].[BusinessUnits]...
Info: Creating [dbo].[Contacts]...
Info: Creating [dbo].[DeviceNames]...
Info: Creating [dbo].[DimensionKeys]...
Info: Creating [dbo].[Fact_AutomationStates]...
Info: Creating [dbo].[Fact_CampaignMetrics]...
Info: Creating [dbo].[Fact_ChannelMetrics]...
Info: Creating [dbo].[Fact_Conversions]...
Info: Creating [dbo].[Fact_Conversions].[IX_Fact_Conversion_Campaign]...
Info: Creating [dbo].[Fact_Conversions].[IX_Fact_Conversion_DeviceName]...
Info: Creating [dbo].[Fact_Conversions].[IX_Fact_Conversion_Goal]...
Info: Creating [dbo].[Fact_Conversions].[IX_Fact_Conversion_Language]...
Info: Creating [dbo].[Fact_Conversions].[IX_Fact_Conversion_SiteName]...
Info: Creating [dbo].[Fact_Conversions].[IX_Fact_Conversion_TrafficType]...
Info: Creating [dbo].[Fact_ConversionsMetrics]...
Info: Creating [dbo].[Fact_DeviceMetrics]...
Info: Creating [dbo].[Fact_DownloadEventMetrics]...
Info: Creating [dbo].[Fact_Downloads]...
Info: Creating [dbo].[Fact_Downloads].[IX_Fact_Downloads_Campaign]...
Info: Creating [dbo].[Fact_Downloads].[IX_Fact_Downloads_DeviceName]...
Info: Creating [dbo].[Fact_Downloads].[IX_Fact_Downloads_Language]...
Info: Creating [dbo].[Fact_Downloads].[IX_Fact_Downloads_SiteName]...
Info: Creating [dbo].[Fact_Downloads].[IX_Fact_Downloads_TrafficType]...
Info: Creating [dbo].[Fact_Failures]...
Info: Creating [dbo].[Fact_Failures].[IX_Fact_Failures_FailureDetails]...
Info: Creating [dbo].[Fact_Failures].[IX_Fact_Failures_Keywords]...
Info: Creating [dbo].[Fact_Failures].[IX_Fact_Failures_PageEventDefinition]...
Info: Creating [dbo].[Fact_Failures].[IX_Fact_Failures_ReferringSite]...
Info: Creating [dbo].[Fact_FollowHits]...
Info: Creating [dbo].[Fact_FollowHits].[IX_Fact_FollowHits_Item]...
Info: Creating [dbo].[Fact_FollowHits].[IX_Fact_FollowHits_Keywords]...
Info: Creating [dbo].[Fact_FormFieldMetrics]...
Info: Creating [dbo].[Fact_FormMetrics]...
Info: Creating [dbo].[Fact_GeoMetrics]...
Info: Creating [dbo].[Fact_GoalMetrics]...
Info: Creating [dbo].[Fact_LanguageMetrics]...
Info: Creating [dbo].[Fact_MvTesting]...
Info: Creating [dbo].[Fact_MvTesting].[IX_Fact_MvTesting_TestSetId]...
Info: Creating [dbo].[Fact_MvTestingDetails]...
Info: Creating [dbo].[Fact_MvTestingDetails].[IX_Fact_MvTestingDetails_TestSetId]...
Info: Creating [dbo].[Fact_OutcomeMetrics]...
Info: Creating [dbo].[Fact_PageMetrics]...
Info: Creating [dbo].[Fact_PageViews]...
Info: Creating [dbo].[Fact_PageViews].[IX_Fact_PageViews_Contact]...
Info: Creating [dbo].[Fact_PageViews].[IX_Fact_PageViews_Item]...
Info: Creating [dbo].[Fact_PageViewsByLanguage]...
Info: Creating [dbo].[Fact_PageViewsMetrics]...
Info: Creating [dbo].[Fact_PatternMetrics]...
Info: Creating [dbo].[Fact_Personalization]...
Info: Creating [dbo].[Fact_Personalization].[IX_Fact_Personalization_TestSetId]...
Info: Creating [dbo].[Fact_ReferringSiteMetrics]...
Info: Creating [dbo].[Fact_RulesExposure]...
Info: Creating [dbo].[Fact_Searches]...
Info: Creating [dbo].[Fact_SearchMetrics]...
Info: Creating [dbo].[Fact_SegmentMetrics]...
Info: Creating [dbo].[Fact_SegmentMetrics].[IX_Fact_SegmentMetrics_All_Columns]...
Info: Creating [dbo].[Fact_SegmentMetricsReduced]...
Info: Creating [dbo].[Fact_SegmentMetricsReduced].[IX_Fact_SegmentMetricsReduced_All_Columns]...
Info: Creating [dbo].[Fact_SiteSearches]...
Info: Creating [dbo].[Fact_SiteSearches].[IX_Fact_SiteSearches_AccountId]...
Info: Creating [dbo].[Fact_SiteSearches].[IX_Fact_SiteSearches_Campaign]...
Info: Creating [dbo].[Fact_SiteSearches].[IX_Fact_SiteSearches_DeviceName]...
Info: Creating [dbo].[Fact_SiteSearches].[IX_Fact_SiteSearches_Item]...
Info: Creating [dbo].[Fact_SiteSearches].[IX_Fact_SiteSearches_Keywords]...
Info: Creating [dbo].[Fact_SiteSearches].[IX_Fact_SiteSearches_Language]...
Info: Creating [dbo].[Fact_SiteSearches].[IX_Fact_SiteSearches_SiteName]...
Info: Creating [dbo].[Fact_SiteSearches].[IX_Fact_SiteSearches_TrafficType]...
Info: Creating [dbo].[Fact_SlowPages]...
Info: Creating [dbo].[Fact_SlowPages].[IX_Fact_SlowPages_Account]...
Info: Creating [dbo].[Fact_SlowPages].[IX_Fact_SlowPages_Contact]...
Info: Creating [dbo].[Fact_SlowPages].[IX_Fact_SlowPages_Duration]...
Info: Creating [dbo].[Fact_SlowPages].[IX_Fact_SlowPages_Item]...
Info: Creating [dbo].[Fact_SlowPages].[IX_Fact_SlowPages_Visit]...
Info: Creating [dbo].[Fact_TestConversions]...
Info: Creating [dbo].[Fact_TestConversions].[IX_Fact_TestConversions_GoalId]...
Info: Creating [dbo].[Fact_TestOutcomes]...
Info: Creating [dbo].[Fact_TestOutcomes].[IX_Fact_TestOutcomes_TestSetId]...
Info: Creating [dbo].[Fact_TestPageClicks]...
Info: Creating [dbo].[Fact_TestStatistics]...
Info: Creating [dbo].[Fact_Traffic]...
Info: Creating [dbo].[Fact_Traffic].[IX_ByDate]...
Info: Creating [dbo].[Fact_Traffic].[IX_ByDateAndTrafficType]...
Info: Creating [dbo].[Fact_Traffic].[IX_Fact_Traffic_Campaign]...
Info: Creating [dbo].[Fact_Traffic].[IX_Fact_Traffic_DeviceName]...
Info: Creating [dbo].[Fact_Traffic].[IX_Fact_Traffic_Item]...
Info: Creating [dbo].[Fact_Traffic].[IX_Fact_Traffic_Keywords]...
Info: Creating [dbo].[Fact_Traffic].[IX_Fact_Traffic_Language]...
Info: Creating [dbo].[Fact_Traffic].[IX_Fact_Traffic_ReferringSite]...
Info: Creating [dbo].[Fact_Traffic].[IX_Fact_Traffic_SiteName]...
Info: Creating [dbo].[Fact_Traffic].[IX_Fact_Traffic_TrafficType]...
Info: Creating [dbo].[Fact_ValueBySource]...
Info: Creating [dbo].[Fact_ValueBySource].[IX_Fact_ValueBySource_DeviceName]...
Info: Creating [dbo].[Fact_ValueBySource].[IX_Fact_ValueBySource_Language]...
Info: Creating [dbo].[Fact_ValueBySource].[IX_Fact_ValueBySource_SiteName]...
Info: Creating [dbo].[Fact_ValueBySource].[IX_Fact_ValueBySource_TrafficType]...
Info: Creating [dbo].[Fact_Visits]...
Info: Creating [dbo].[Fact_Visits].[IX_Fact_Visits_Contact]...
Info: Creating [dbo].[Fact_Visits].[IX_Fact_Visits_FirstVisit]...
Info: Creating [dbo].[Fact_Visits].[IX_Fact_Visits_Item]...
Info: Creating [dbo].[Fact_Visits].[IX_Fact_Visits_Language]...
Info: Creating [dbo].[Fact_VisitsByBusinessContactLocation]...
Info: Creating [dbo].[Fact_VisitsByBusinessContactLocation].[IX_Fact_VisitsByBusinessContactLocation_Account]...
Info: Creating [dbo].[Fact_VisitsByBusinessContactLocation].[IX_Fact_VisitsByBusinessContactLocation_Contact]...
Info: Creating [dbo].[Fact_VisitsByBusinessContactLocation].[IX_Fact_VisitsByBusinessContactLocation_DeviceName]...
Info: Creating [dbo].[Fact_VisitsByBusinessContactLocation].[IX_Fact_VisitsByBusinessContactLocation_Language]...
Info: Creating [dbo].[Fact_VisitsByBusinessContactLocation].[IX_Fact_VisitsByBusinessContactLocation_SiteName]...
Info: Creating [dbo].[Fact_VisitsByBusinessContactLocation].[IX_Fact_VisitsByBusinessContactLocation_TrafficType]...
Info: Creating [dbo].[FailureDetails]...
Info: Creating [dbo].[FormFieldNames]...
Info: Creating [dbo].[Items]...
Info: Creating [dbo].[Keywords]...
Info: Creating [dbo].[Languages]...
Info: Creating [dbo].[Properties]...
Info: Creating [dbo].[Properties].[IX_Properties_Column]...
Info: Creating [dbo].[ReferringSites]...
Info: Creating [dbo].[SegmentRecords]...
Info: Creating [dbo].[SegmentRecords].[IX_SegmentRecords_All_Columns]...
Info: Creating [dbo].[SegmentRecords].[IX_SegmentRecords_All_Columns2]...
Info: Creating [dbo].[SegmentRecordsReduced]...
Info: Creating [dbo].[SegmentRecordsReduced].[IX_SegmentRecordsReduced_All_Columns]...
Info: Creating [dbo].[SegmentRecordsReduced].[IX_SegmentRecordsReduced_All_Columns2]...
Info: Creating [dbo].[Segments]...
Info: Creating [dbo].[SiteNames]...
Info: Creating [dbo].[Taxonomy_TaxonEntity]...
Info: Creating [dbo].[Taxonomy_TaxonEntityFieldDefinition]...
Info: Creating [dbo].[Taxonomy_TaxonEntityFieldValue]...
Info: Creating [dbo].[Testing_ClusterMembers]...
Info: Creating [dbo].[Testing_Clusters]...
Info: Creating [dbo].[Trail_AutomationStates]...
Info: Creating [dbo].[Trail_AutomationStates].[IX_Trail_AutomationStates_Processed]...
Info: Creating [dbo].[Trail_Interactions]...
Info: Creating [dbo].[Trail_Interactions].[IX_Trail_Interactions_Processed]...
Info: Creating [dbo].[Trail_PathAnalyzer]...
Info: Creating [dbo].[Trail_PathAnalyzer].[IX_Trail_PathAnalyzer_Processed]...
Info: Creating [dbo].[TreeDefinitions]...
Info: Creating [dbo].[Trees]...
Info: Creating [dbo].[Trees].[IX_Trees]...
Info: Creating [dbo].[Trees].[IX_Trees_Visits]...
Info: Creating [dbo].[DF_Fact_MvTesting_Bounces]...
Info: Creating [dbo].[DF_Fact_MvTesting_PageCount]...
Info: Creating [dbo].[DF_Fact_MvTesting_TotalPageDuration]...
Info: Creating [dbo].[DF_Fact_MvTesting_TotalWebsiteDuration]...
Info: Creating [dbo].[DF_Fact_MvTesting_Visitors]...
Info: Creating unnamed constraint on [dbo].[Fact_MvTestingDetails]...
Info: Creating unnamed constraint on [dbo].[Taxonomy_TaxonEntity]...
Info: Creating unnamed constraint on [dbo].[Trail_PathAnalyzer]...
Info: Creating [dbo].[FK_Fact_Conversions_Accounts]...
Info: Creating [dbo].[FK_Fact_Conversions_DeviceNames]...
Info: Creating [dbo].[FK_Fact_Conversions_Languages]...
Info: Creating [dbo].[FK_Fact_Conversions_SiteNames]...
Info: Creating [dbo].[FK_Fact_Downloads_Accounts]...
Info: Creating [dbo].[FK_Fact_Downloads_Assets]...
Info: Creating [dbo].[FK_Fact_Downloads_DeviceNames]...
Info: Creating [dbo].[FK_Fact_Downloads_Languages]...
Info: Creating [dbo].[FK_Fact_Downloads_SiteNames]...
Info: Creating [dbo].[FK_Fact_Failures_Accounts]...
Info: Creating [dbo].[FK_Fact_Failures_FailureDetails]...
Info: Creating [dbo].[FK_Fact_Failures_Keywords]...
Info: Creating [dbo].[FK_Fact_Failures_ReferringSites]...
Info: Creating [dbo].[FK_Fact_FollowHits_Items]...
Info: Creating [dbo].[FK_Fact_FollowHits_Keywords]...
Info: Creating [dbo].[FK_Fact_PageViews_Items]...
Info: Creating [dbo].[FK_Fact_PageViewsByLanguage_DeviceNames]...
Info: Creating [dbo].[FK_Fact_PageViewsByLanguage_Items]...
Info: Creating [dbo].[FK_Fact_PageViewsByLanguage_Languages]...
Info: Creating [dbo].[FK_Fact_PageViewsByLanguage_SiteNames]...
Info: Creating [dbo].[FK_Fact_Searches_Accounts]...
Info: Creating [dbo].[FK_Fact_Searches_DeviceNames]...
Info: Creating [dbo].[FK_Fact_Searches_Items]...
Info: Creating [dbo].[FK_Fact_Searches_Keywords]...
Info: Creating [dbo].[FK_Fact_Searches_Languages]...
Info: Creating [dbo].[FK_Fact_Searches_PageEventItems]...
Info: Creating [dbo].[FK_Fact_Searches_SiteNames]...
Info: Creating [dbo].[FK_Fact_SiteSearches_Accounts]...
Info: Creating [dbo].[FK_Fact_SiteSearches_DeviceNames]...
Info: Creating [dbo].[FK_Fact_SiteSearches_Items]...
Info: Creating [dbo].[FK_Fact_SiteSearches_Keywords]...
Info: Creating [dbo].[FK_Fact_SiteSearches_Languages]...
Info: Creating [dbo].[FK_Fact_SiteSearches_SiteNames]...
Info: Creating [dbo].[FK_Fact_SlowPages_Accounts]...
Info: Creating [dbo].[FK_Fact_SlowPages_ContactId]...
Info: Creating [dbo].[FK_Fact_SlowPages_Items]...
Info: Creating [dbo].[FK_Fact_Traffic_DeviceNames]...
Info: Creating [dbo].[FK_Fact_Traffic_Items]...
Info: Creating [dbo].[FK_Fact_Traffic_Keywords]...
Info: Creating [dbo].[FK_Fact_Traffic_Languages]...
Info: Creating [dbo].[FK_Fact_Traffic_ReferringSites]...
Info: Creating [dbo].[FK_Fact_Traffic_SiteNames]...
Info: Creating [dbo].[FK_Fact_ValueBySource_DeviceNames]...
Info: Creating [dbo].[FK_Fact_ValueBySource_Languages]...
Info: Creating [dbo].[FK_Fact_ValueBySource_SiteNames]...
Info: Creating [dbo].[FK_Fact_Visits_Contacts]...
Info: Creating [dbo].[FK_Fact_Visits_Items]...
Info: Creating [dbo].[FK_Fact_Visits_Languages]...
Info: Creating [dbo].[FK_Fact_VisitsByBusinessContactLocation_DeviceNames]...
Info: Creating [dbo].[FK_Fact_VisitsByBusinessContactLocation_Locations]...
Info: Creating [dbo].[FK_Fact_VisitsByBusinessContactLocation_SiteNames]...
Info: Creating [dbo].[FK_Taxonomy_TaxonEntityFieldValue_Taxonomy_TaxonEntity]...
Info: Creating [dbo].[FK_Taxonomy_TaxonEntityFieldValue_Taxonomy_TaxonEntityFieldDefinition]...
Info: Creating [dbo].[Dates]...
Info: Creating [dbo].[Conversions]...
Info: Creating [dbo].[Downloads]...
Info: Creating [dbo].[FollowHits]...
Info: Creating [dbo].[NotFoundUrls]...
Info: Creating [dbo].[ReportDataView]...
Info: Creating [dbo].[SiteSearches]...
Info: Creating [dbo].[SlowPages]...
Info: Creating [dbo].[TopLeads]...
Info: Creating [dbo].[Traffic]...
Info: Creating [dbo].[TrafficOverview]...
Info: Creating [dbo].[ValueBySource]...
Info: Creating [dbo].[CampaignsOverview]...
Info: Creating [dbo].[GetTagValue]...
Info: Creating [dbo].[GetTaxonEntityChildIds]...
Info: Creating [dbo].[__DeleteAllReportingData]...
Info: Creating [dbo].[Add_AutomationStates]...
Info: Creating [dbo].[Add_CampaignMetrics_Tvp]...
Info: Creating [dbo].[Add_ChannelMetrics_Tvp]...
Info: Creating [dbo].[Add_Conversions]...
Info: Creating [dbo].[Add_Conversions_Tvp]...
Info: Creating [dbo].[Add_ConversionsMetrics_Tvp]...
Info: Creating [dbo].[Add_DeviceMetrics_Tvp]...
Info: Creating [dbo].[Add_DownloadEventMetrics_Tvp]...
Info: Creating [dbo].[Add_Downloads]...
Info: Creating [dbo].[Add_Downloads_Tvp]...
Info: Creating [dbo].[Add_Failures]...
Info: Creating [dbo].[Add_Failures_Tvp]...
Info: Creating [dbo].[Add_FollowHits]...
Info: Creating [dbo].[Add_FollowHits_Tvp]...
Info: Creating [dbo].[Add_GeoMetrics_Tvp]...
Info: Creating [dbo].[Add_GoalMetrics_Tvp]...
Info: Creating [dbo].[Add_LanguageMetrics_Tvp]...
Info: Creating [dbo].[Add_MvTesting]...
Info: Creating [dbo].[Add_MvTestingDetails]...
Info: Creating [dbo].[Add_OutcomeMetrics_Tvp]...
Info: Creating [dbo].[Add_PageMetrics_Tvp]...
Info: Creating [dbo].[Add_PageViews]...
Info: Creating [dbo].[Add_PageViews_Tvp]...
Info: Creating [dbo].[Add_PageViewsByLanguage]...
Info: Creating [dbo].[Add_PageViewsMetrics_Tvp]...
Info: Creating [dbo].[Add_PatternMetrics_Tvp]...
Info: Creating [dbo].[Add_Personalization]...
Info: Creating [dbo].[Add_ReferringSiteMetrics_Tvp]...
Info: Creating [dbo].[Add_RulesExposure]...
Info: Creating [dbo].[Add_SearchMetrics_Tvp]...
Info: Creating [dbo].[Add_SegmentMetrics]...
Info: Creating [dbo].[Add_SegmentMetrics_Tvp]...
Info: Creating [dbo].[Add_SiteSearches]...
Info: Creating [dbo].[Add_SiteSearches_Tvp]...
Info: Creating [dbo].[Add_SlowPages]...
Info: Creating [dbo].[Add_SlowPages_Tvp]...
Info: Creating [dbo].[Add_TestConversions]...
Info: Creating [dbo].[Add_TestingCluster]...
Info: Creating [dbo].[Add_TestingClusterMembers]...
Info: Creating [dbo].[Add_TestOutcomes]...
Info: Creating [dbo].[Add_TestPageClicks]...
Info: Creating [dbo].[Add_TestStatistics]...
Info: Creating [dbo].[Add_Traffic]...
Info: Creating [dbo].[Add_Traffic_Tvp]...
Info: Creating [dbo].[Add_ValueBySource]...
Info: Creating [dbo].[Add_ValueBySource_Tvp]...
Info: Creating [dbo].[Add_Visits]...
Info: Creating [dbo].[Add_Visits_Tvp]...
Info: Creating [dbo].[Add_VisitsByBusinessContactLocation]...
Info: Creating [dbo].[Add_VisitsByBusinessContactLocation_Tvp]...
Info: Creating [dbo].[Ensure_Accounts_Tvp]...
Info: Creating [dbo].[Ensure_Asset]...
Info: Creating [dbo].[Ensure_Assets_Tvp]...
Info: Creating [dbo].[Ensure_BusinessUnit]...
Info: Creating [dbo].[Ensure_BusinessUnits_Tvp]...
Info: Creating [dbo].[Ensure_Contacts_Tvp]...
Info: Creating [dbo].[Ensure_DeviceName]...
Info: Creating [dbo].[Ensure_DeviceNames_Tvp]...
Info: Creating [dbo].[Ensure_DimensionKeys]...
Info: Creating [dbo].[Ensure_DimensionKeys_Tvp]...
Info: Creating [dbo].[Ensure_FailureDetails]...
Info: Creating [dbo].[Ensure_FailureDetails_Tvp]...
Info: Creating [dbo].[Ensure_Item]...
Info: Creating [dbo].[Ensure_Items_Tvp]...
Info: Creating [dbo].[Ensure_Keywords]...
Info: Creating [dbo].[Ensure_Keywords_Tvp]...
Info: Creating [dbo].[Ensure_Language]...
Info: Creating [dbo].[Ensure_Languages_Tvp]...
Info: Creating [dbo].[Ensure_ReferringSite]...
Info: Creating [dbo].[Ensure_ReferringSites_Tvp]...
Info: Creating [dbo].[Ensure_SegmentRecords]...
Info: Creating [dbo].[Ensure_SegmentRecords_Tvp]...
Info: Creating [dbo].[Ensure_SiteName]...
Info: Creating [dbo].[Ensure_SiteNames_Tvp]...
Info: Creating [dbo].[Get_AllTaxonEntities]...
Info: Creating [dbo].[Get_MissingDailyTrees]...
Info: Creating [dbo].[Get_TaxonEntity]...
Info: Creating [dbo].[Get_TaxonEntityChildren]...
Info: Creating [dbo].[Get_TaxonEntityList]...
Info: Creating [dbo].[ReduceMetricsTable]...
Info: Creating [dbo].[ReduceSegmentMetrics]...
Info: Creating [dbo].[Register_AutomationStates]...
Info: Creating [dbo].[Register_Interaction]...
Info: Creating [dbo].[Upsert_Account]...
Info: Creating [dbo].[Upsert_Contact]...
Info: Creating [dbo].[Upsert_TaxonEntities]...
Info: Creating [dbo].[Upsert_TaxonEntity]...
Info: Creating [dbo].[Upsert_TaxonEntityField]...
Info: Creating [dbo].[Upsert_TaxonEntityFields]...
Info: The transacted portion of the database update succeeded.
Info: Update complete.
Info: Updating database: Completed.
Info: Updating database (Complete)
Info: Deploying package to database: Completed.
Info: Adding database (data source=RAMONASENIE0E1F;initial catalog=xp901_Reporting;user id=sa)
Info: Adding database (sitemanifest/dbFullSql[@path='data source=RAMONASENIE0E1F;initial catalog=xp901_Reporting;user id=sa']/sqlScript)
Info: Opening SQL Connection with connection string 'data source=RAMONASENIE0E1F;initial catalog=xp901_Reporting;user id=sa;pooling=False'. The 'transacted' setting for this connection is 'False'.
Info: Deleting file (xp901.contentmanagement\App_Data\diagnostics\configuration_history\20180630Z.073108Z.zip).
Info: Deleting file (xp901.contentmanagement\App_Data\diagnostics\configuration_history\20180630Z.073120Z.zip).
Info: Deleting file (xp901.contentmanagement\App_Data\diagnostics\configuration_history\20180630Z.073132Z.zip).
Info: Deleting file (xp901.contentmanagement\App_Data\diagnostics\configuration_history\20180630Z.073146Z.zip).
Info: Deleting directory (xp901.contentmanagement\App_Data\diagnostics\configuration_history).
Info: Deleting directory (xp901.contentmanagement\App_Data\diagnostics).
Info: Deleting file (xp901.contentmanagement\App_Data\license.xml).
Info: Deleting file (xp901.contentmanagement\App_Data\logs\Client.log.20180630.003105.txt).
Info: Deleting file (xp901.contentmanagement\App_Data\logs\Client.log.20180630.003117.txt).
Info: Deleting file (xp901.contentmanagement\App_Data\logs\Client.log.20180630.003130.txt).
Info: Deleting file (xp901.contentmanagement\App_Data\logs\Client.log.20180630.003143.txt).
Info: Deleting file (xp901.contentmanagement\App_Data\logs\Crawling.log.20180630.003105.txt).
Info: Deleting file (xp901.contentmanagement\App_Data\logs\Crawling.log.20180630.003117.txt).
Info: Deleting file (xp901.contentmanagement\App_Data\logs\Crawling.log.20180630.003130.txt).
Info: Deleting file (xp901.contentmanagement\App_Data\logs\Crawling.log.20180630.003143.txt).
Info: Deleting file (xp901.contentmanagement\App_Data\logs\Eds.log.20180630.003117.txt).
Info: Deleting file (xp901.contentmanagement\App_Data\logs\Eds.log.20180630.003130.txt).
Info: Deleting file (xp901.contentmanagement\App_Data\logs\Eds.log.20180630.003143.txt).
Info: Deleting file (xp901.contentmanagement\App_Data\logs\Eds.log.20180630.txt).
Info: Deleting file (xp901.contentmanagement\App_Data\logs\Exm.log.20180630.003117.txt).
Info: Deleting file (xp901.contentmanagement\App_Data\logs\Exm.log.20180630.003130.txt).
Info: Deleting file (xp901.contentmanagement\App_Data\logs\Exm.log.20180630.003143.txt).
Info: Deleting file (xp901.contentmanagement\App_Data\logs\Exm.log.20180630.txt).
Info: Deleting file (xp901.contentmanagement\App_Data\logs\Fxm.log.20180630.003105.txt).
Info: Deleting file (xp901.contentmanagement\App_Data\logs\Fxm.log.20180630.003117.txt).
Info: Deleting file (xp901.contentmanagement\App_Data\logs\Fxm.log.20180630.003130.txt).
Info: Deleting file (xp901.contentmanagement\App_Data\logs\Fxm.log.20180630.003143.txt).
Info: Deleting file (xp901.contentmanagement\App_Data\logs\log.20180630.003105.txt).
Info: Deleting file (xp901.contentmanagement\App_Data\logs\log.20180630.003117.txt).
Info: Deleting file (xp901.contentmanagement\App_Data\logs\log.20180630.003130.txt).
Info: Deleting file (xp901.contentmanagement\App_Data\logs\log.20180630.003143.txt).
Info: Deleting file (xp901.contentmanagement\App_Data\logs\Owin.log.20180630.003105.txt).
Info: Deleting file (xp901.contentmanagement\App_Data\logs\Owin.log.20180630.003117.txt).
Info: Deleting file (xp901.contentmanagement\App_Data\logs\Owin.log.20180630.003130.txt).
Info: Deleting file (xp901.contentmanagement\App_Data\logs\Owin.log.20180630.003143.txt).
Info: Deleting file (xp901.contentmanagement\App_Data\logs\Publishing.log.20180630.003105.txt).
Info: Deleting file (xp901.contentmanagement\App_Data\logs\Publishing.log.20180630.003117.txt).
Info: Deleting file (xp901.contentmanagement\App_Data\logs\Publishing.log.20180630.003130.txt).
Info: Deleting file (xp901.contentmanagement\App_Data\logs\Publishing.log.20180630.003143.txt).
Info: Deleting file (xp901.contentmanagement\App_Data\logs\Search.log.20180630.003105.txt).
Info: Deleting file (xp901.contentmanagement\App_Data\logs\Search.log.20180630.003117.txt).
Info: Deleting file (xp901.contentmanagement\App_Data\logs\Search.log.20180630.003130.txt).
Info: Deleting file (xp901.contentmanagement\App_Data\logs\Search.log.20180630.003143.txt).
Info: Deleting file (xp901.contentmanagement\App_Data\logs\WebDAV.log.20180630.003105.txt).
Info: Deleting file (xp901.contentmanagement\App_Data\logs\WebDAV.log.20180630.003117.txt).
Info: Deleting file (xp901.contentmanagement\App_Data\logs\WebDAV.log.20180630.003130.txt).
Info: Deleting file (xp901.contentmanagement\App_Data\logs\WebDAV.log.20180630.003143.txt).
Info: Deleting directory (xp901.contentmanagement\upload).
Total changes: 69 (21 added, 48 deleted, 0 updated, 0 parameters changed, 0 bytes copied)

[-------------------------------------- CreateBindingsWithDevelopmentThumprint : AddWebFeatureSSL ------------------------------------------------------------]

[------------------------------------------------------------------ SetLicense : Copy ------------------------------------------------------------------------]
[SetLicense]:[Copying] C:\xp\license.xml => C:\inetpub\wwwroot\xp901.contentmanagement\App_Data

[---------------------------------------------------------------- StartAppPool : ManageAppPool ---------------------------------------------------------------]
[StartAppPool]:[Start] xp901.contentmanagement

[---------------------------------------------------------------- StartWebsite : ManageWebsite ---------------------------------------------------------------]
[StartWebsite]:[Start] xp901.contentmanagement

[------------------------------------------------------------ UpdateSolrSchema : SitecoreUrl -----------------------------------------------------------------]
[UpdateSolrSchema]:[Authenticating] https://xp901.contentmanagement/sitecore/admin/PopulateManagedSchema.aspx?indexes=all
[UpdateSolrSchema]:[Requesting] https://xp901.contentmanagement/sitecore/admin/PopulateManagedSchema.aspx?indexes=all
[UpdateSolrSchema]:[Success] Completed Request
[TIME] 00:03:46
**********************
Windows PowerShell transcript end
End time: 20180630003836
**********************
