**********************
Windows PowerShell transcript start
Start time: 20180630103332
Username: RAMONASENIE0E1F\ras
RunAs User: RAMONASENIE0E1F\ras
Machine: RAMONASENIE0E1F (Microsoft Windows NT 10.0.14393.0)
Host Application: C:\Windows\system32\WindowsPowerShell\v1.0\PowerShell_ISE.exe
Process ID: 856
PSVersion: 5.1.14393.1884
PSEdition: Desktop
PSCompatibleVersions: 1.0, 2.0, 3.0, 4.0, 5.0, 5.1.14393.1884
BuildVersion: 10.0.14393.1884
CLRVersion: 4.0.30319.42000
WSManStackVersion: 3.0
PSRemotingProtocolVersion: 2.3
SerializationVersion: 1.1.0.1
**********************
Transcript started, output file is C:\xp\sitecore-XP1-cd.180630 (2).log
                                                              ************************************
                                                                   Sitecore Install Framework
                                                                         Version - 1.2.1
                                                              ************************************


WorkingDirectory  : C:\xp
LogPath           : C:\xp\sitecore-XP1-cd.180630 (2).log
WhatIf            : False
Verbose           : SilentlyContinue
Configuration     : C:\xp\config\sitecore-XP1-cd.json
Debug             : SilentlyContinue
WarningAction     : Continue
ErrorAction       : Stop
InformationAction : Continue




[----------------------------------------------------------------- CreatePaths : EnsurePath ------------------------------------------------------------------]
[CreatePaths]:[Create] C:\inetpub\wwwroot\xp901.contentdelivery

[--------------------------------------------------------------- CreateAppPool : AppPool ---------------------------------------------------------------------]
[CreateAppPool]:[Exists] xp901.contentdelivery
[CreateAppPool]:[Setting] processModel.identityType => ApplicationPoolIdentity

[--------------------------------------------------------------- CreateWebsite : Website ---------------------------------------------------------------------]
[CreateWebsite]:[Exists] xp901.contentdelivery
[CreateWebsite]:[Setting] applicationPool => xp901.contentdelivery
[CreateWebsite]:[Setting] physicalPath => C:\inetpub\wwwroot\xp901.contentdelivery

[----------------------------------------------------------------- StopWebsite : ManageWebsite ---------------------------------------------------------------]
[StopWebsite]:[Stop] xp901.contentdelivery

[----------------------------------------------------------------- StopAppPool : ManageAppPool ---------------------------------------------------------------]
[StopAppPool]:[Stop] xp901.contentdelivery

[-------------------------------------------------------------- CreateBindings : WebBinding ------------------------------------------------------------------]
[CreateBindings]:[Remove] 
protocol bindingInformation         sslFlags
-------- ------------------         --------
http     *:80:xp901.contentdelivery        0
[CreateBindings]:[Add] 
Name                           Value                                                                                                                           
----                           -----                                                                                                                           
HostHeader                     xp901.contentdelivery

[------------------------------------------------------------ CreateHostHeader : HostHeader ------------------------------------------------------------------]
[CreateHostHeader]:[Backup] Created - C:\Windows\system32\drivers\etc\hosts.backup
[CreateHostHeader]:[Exists] 127.0.0.1 => xp901.contentdelivery

[-------------------------------------------------------------- SetPermissions : FilePermissions -------------------------------------------------------------]
[SetPermissions]:[Allow] IIS AppPool\xp901.contentdelivery
[SetPermissions]:[Path] C:\inetpub\wwwroot\xp901.contentdelivery
[SetPermissions]:[Rights] FullControl
[SetPermissions]:[Inherit] ContainerInherit ObjectInherit
[SetPermissions]:[Propagate] None

[----------------------------------------------------- SetCertStorePermissions : FilePermissions -------------------------------------------------------------]
[SetCertStorePermissions]:[Allow] IIS AppPool\xp901.contentdelivery
[SetCertStorePermissions]:[Path] C:\ProgramData\Microsoft\Crypto\RSA\MachineKeys\91b96ebb38a6a60bb219402c518edcbc_ffb0b732-144c-463c-be18-2420269ed3d0
[SetCertStorePermissions]:[Rights] Read
[SetCertStorePermissions]:[Inherit] None
[SetCertStorePermissions]:[Propagate] None

[------------------------------------------------------------------ InstallWDP : WebDeploy -------------------------------------------------------------------]
[WebDeploy]:[Path] C:\Program Files\iis\Microsoft Web Deploy V3\msdeploy.exe
Info: Deleting file (xp901.contentdelivery\App_Data\logs\Client.log.20180630.102821.txt).
Info: Deleting file (xp901.contentdelivery\App_Data\logs\Crawling.log.20180630.102821.txt).
Info: Deleting file (xp901.contentdelivery\App_Data\logs\Exm.log.20180630.txt).
Info: Deleting file (xp901.contentdelivery\App_Data\logs\Fxm.log.20180630.102821.txt).
Info: Deleting file (xp901.contentdelivery\App_Data\logs\log.20180630.102821.txt).
Info: Deleting file (xp901.contentdelivery\App_Data\logs\Owin.log.20180630.102821.txt).
Info: Deleting file (xp901.contentdelivery\App_Data\logs\Publishing.log.20180630.102821.txt).
Info: Deleting file (xp901.contentdelivery\App_Data\logs\Search.log.20180630.102821.txt).
Info: Deleting file (xp901.contentdelivery\App_Data\logs\WebDAV.log.20180630.102821.txt).
Info: Deleting file (xp901.contentdelivery\App_Data\MediaCache\website\151\4ee8bdafc11b41bd8e4e706ca5e957b6.ini).
Info: Deleting file (xp901.contentdelivery\App_Data\MediaCache\website\151\b8b611ad49874eb7a9502f54b1d10ad9.png).
Info: Deleting directory (xp901.contentdelivery\App_Data\MediaCache\website\151).
Info: Deleting file (xp901.contentdelivery\App_Data\MediaCache\website\59\13395a4bb5274716965aa0cb51ce3288.jpg).
Info: Deleting file (xp901.contentdelivery\App_Data\MediaCache\website\59\8ca42d347c884058b894b2af6c10f447.ini).
Info: Deleting directory (xp901.contentdelivery\App_Data\MediaCache\website\59).
Info: Deleting directory (xp901.contentdelivery\App_Data\MediaCache\website).
Info: Deleting directory (xp901.contentdelivery\App_Data\MediaCache).
Info: Updating file (xp901.contentdelivery\App_Data\Submit Queue\0000000001).
Info: Deleting directory (xp901.contentdelivery\upload).
Total changes: 19 (0 added, 18 deleted, 1 updated, 0 parameters changed, 666067 bytes copied)

[------------------------------------------------------------------ SetLicense : Copy ------------------------------------------------------------------------]
[SetLicense]:[Copying] C:\xp\license.xml => C:\inetpub\wwwroot\xp901.contentdelivery\App_Data

[---------------------------------------------------------------- StartAppPool : ManageAppPool ---------------------------------------------------------------]
[StartAppPool]:[Start] xp901.contentdelivery

[---------------------------------------------------------------- StartWebsite : ManageWebsite ---------------------------------------------------------------]
[StartWebsite]:[Start] xp901.contentdelivery
[TIME] 00:00:06
**********************
Windows PowerShell transcript end
End time: 20180630103339
**********************
