**********************
Windows PowerShell transcript start
Start time: 20180630104121
Username: RAMONASENIE0E1F\ras
RunAs User: RAMONASENIE0E1F\ras
Machine: RAMONASENIE0E1F (Microsoft Windows NT 10.0.14393.0)
Host Application: C:\Windows\system32\WindowsPowerShell\v1.0\PowerShell_ISE.exe
Process ID: 856
PSVersion: 5.1.14393.1884
PSEdition: Desktop
PSCompatibleVersions: 1.0, 2.0, 3.0, 4.0, 5.0, 5.1.14393.1884
BuildVersion: 10.0.14393.1884
CLRVersion: 4.0.30319.42000
WSManStackVersion: 3.0
PSRemotingProtocolVersion: 2.3
SerializationVersion: 1.1.0.1
**********************
Transcript started, output file is C:\xp\sitecore-XP1-prc.180630 (2).log
                                                              ************************************
                                                                   Sitecore Install Framework
                                                                         Version - 1.2.1
                                                              ************************************


WorkingDirectory  : C:\xp
LogPath           : C:\xp\sitecore-XP1-prc.180630 (2).log
WhatIf            : False
Verbose           : SilentlyContinue
Configuration     : C:\xp\config\sitecore-XP1-prc.json
Debug             : SilentlyContinue
WarningAction     : Continue
ErrorAction       : Stop
InformationAction : Continue




[----------------------------------------------------------------- CreatePaths : EnsurePath ------------------------------------------------------------------]
[CreatePaths]:[Create] C:\inetpub\wwwroot\xp901.processing

[--------------------------------------------------------------- CreateAppPool : AppPool ---------------------------------------------------------------------]
[CreateAppPool]:[Exists] xp901.processing
[CreateAppPool]:[Setting] processModel.identityType => ApplicationPoolIdentity

[--------------------------------------------------------------- CreateWebsite : Website ---------------------------------------------------------------------]
[CreateWebsite]:[Exists] xp901.processing
[CreateWebsite]:[Setting] applicationPool => xp901.processing
[CreateWebsite]:[Setting] physicalPath => C:\inetpub\wwwroot\xp901.processing

[----------------------------------------------------------------- StopWebsite : ManageWebsite ---------------------------------------------------------------]
[StopWebsite]:[Stop] xp901.processing
WARNING: Website xp901.processing is already Stopped

[----------------------------------------------------------------- StopAppPool : ManageAppPool ---------------------------------------------------------------]
[StopAppPool]:[Stop] xp901.processing

[-------------------------------------------------------- RemoveDefaultBinding : WebBinding ------------------------------------------------------------------]
[RemoveDefaultBinding]:[Remove] 
protocol bindingInformation sslFlags
-------- ------------------ --------
http     *:80:                     0

[--------------------------------------- CreateBindingsWithThumprint [Skipped] : WebBinding ------------------------------------------------------------------]

[------------------------------------------------------------ CreateHostHeader : HostHeader ------------------------------------------------------------------]
[CreateHostHeader]:[Backup] Created - C:\Windows\system32\drivers\etc\hosts.backup
[CreateHostHeader]:[Exists] 127.0.0.1 => xp901.processing

[-------------------------------------------------------------- SetPermissions : FilePermissions -------------------------------------------------------------]
[SetPermissions]:[Allow] IIS AppPool\xp901.processing
[SetPermissions]:[Path] C:\inetpub\wwwroot\xp901.processing
[SetPermissions]:[Rights] FullControl
[SetPermissions]:[Inherit] ContainerInherit ObjectInherit
[SetPermissions]:[Propagate] None

[----------------------------------------------------- SetCertStorePermissions : FilePermissions -------------------------------------------------------------]
[SetCertStorePermissions]:[Allow] IIS AppPool\xp901.processing
[SetCertStorePermissions]:[Path] C:\ProgramData\Microsoft\Crypto\RSA\MachineKeys\91b96ebb38a6a60bb219402c518edcbc_ffb0b732-144c-463c-be18-2420269ed3d0
[SetCertStorePermissions]:[Rights] Read
[SetCertStorePermissions]:[Inherit] None
[SetCertStorePermissions]:[Propagate] None

[------------------------------------------------------------------ InstallWDP : WebDeploy -------------------------------------------------------------------]
[WebDeploy]:[Path] C:\Program Files\iis\Microsoft Web Deploy V3\msdeploy.exe
Info: Adding sitemanifest (sitemanifest).
Info: Adding database (data source=RAMONASENIE0E1F;initial catalog=xp901_Processing.Tasks;user id=sa)
Info: Initializing deployment: Pending.
Info: Analyzing deployment plan: Pending.
Info: Updating database: Pending.
Info: Creating deployment plan: Pending.
Info: Verifying deployment plan: Pending.
Info: Deploying package to database: Pending.
Info: Creating deployment plan: Running.
Info: Initializing deployment: Running.
Info: Initializing deployment (Start)
Info: Initializing deployment: Completed.
Info: Initializing deployment (Complete)
Info: Creating deployment plan: Completed.
Info: Verifying deployment plan: Running.
Info: Analyzing deployment plan: Running.
Info: Analyzing deployment plan (Start)
Info: Analyzing deployment plan: Completed.
Info: Analyzing deployment plan (Complete)
Info: Verifying deployment plan: Completed.
Info: Deploying package to database: Running.
Info: Updating database: Running.
Info: Updating database (Start)
Info: Creating xp901_Processing.Tasks...
Info: Creating [xdb_processing_tasks]...
Info: Creating [xdb_processing_tasks].[HistoryCursors]...
Info: Creating [xdb_processing_tasks].[HistoryCursors].[IX_HistoryCursors_Completed]...
Info: Creating [xdb_processing_tasks].[HistoryTasks]...
Info: Creating [xdb_processing_tasks].[HistoryTaskStates]...
Info: Creating [xdb_processing_tasks].[ProcessingCursors]...
Info: Creating [xdb_processing_tasks].[ProcessingCursors].[IX_ProcessingCursors_Task]...
Info: Creating [xdb_processing_tasks].[ProcessingCursors].[IX_ProcessingCursors_Completed]...
Info: Creating [xdb_processing_tasks].[ProcessingTasks]...
Info: Creating [xdb_processing_tasks].[ProcessingTasks].[IX_ProcessingTasks_StatusAndType]...
Info: Creating [xdb_processing_tasks].[RebuildTargetStates]...
Info: Creating [xdb_processing_tasks].[FK_HistoryCursors_Task_HistoryTasks_Id]...
Info: Creating [xdb_processing_tasks].[FK_ProcessingCursors_Task_ProcessingTasks_Id]...
Info: Creating [xdb_processing_tasks].[FK_RebuildTargetStates_To_HistoryTaskStates_Id]...
Info: Creating [xdb_processing_tasks].[GrantLeastPrivilege]...
Info: Creating [xdb_processing_tasks].[History_AddCursor]...
Info: Creating [xdb_processing_tasks].[History_AddTargetState]...
Info: Creating [xdb_processing_tasks].[History_AddTask]...
Info: Creating [xdb_processing_tasks].[History_AddTaskState]...
Info: Creating [xdb_processing_tasks].[History_AreAllCursorsCompleted]...
Info: Creating [xdb_processing_tasks].[History_DeleteCursorsByTaskId]...
Info: Creating [xdb_processing_tasks].[History_DeleteTargetStatesByTaskStateId]...
Info: Creating [xdb_processing_tasks].[History_DeleteTaskStateById]...
Info: Creating [xdb_processing_tasks].[History_GetCursorsCountByTaskId]...
Info: Creating [xdb_processing_tasks].[History_GetTaskById]...
Info: Creating [xdb_processing_tasks].[History_GetTaskStateById]...
Info: Creating [xdb_processing_tasks].[History_GetTotalNumberOfConsumedItemsByTaskId]...
Info: Creating [xdb_processing_tasks].[History_MarkCursorCompleted]...
Info: Creating [xdb_processing_tasks].[History_TryAcquireCursor]...
Info: Creating [xdb_processing_tasks].[History_TryDeleteTaskById]...
Info: Creating [xdb_processing_tasks].[History_TryRegisterCursorSplitRequest]...
Info: Creating [xdb_processing_tasks].[History_TryUpdateTaskById]...
Info: Creating [xdb_processing_tasks].[History_UpdateCursor]...
Info: Creating [xdb_processing_tasks].[History_UpdateCursorProgress]...
Info: Creating [xdb_processing_tasks].[History_UpdateTaskState]...
Info: Creating [xdb_processing_tasks].[Processing_AddCursor]...
Info: Creating [xdb_processing_tasks].[Processing_AddTask]...
Info: Creating [xdb_processing_tasks].[Processing_AreAllCursorsCompleted]...
Info: Creating [xdb_processing_tasks].[Processing_DeleteCursorsByTaskId]...
Info: Creating [xdb_processing_tasks].[Processing_GetCursorsCountByTaskId]...
Info: Creating [xdb_processing_tasks].[Processing_GetTaskById]...
Info: Creating [xdb_processing_tasks].[Processing_GetTotalNumberOfConsumedItemsByTaskId]...
Info: Creating [xdb_processing_tasks].[Processing_IncrementTaskProgressById]...
Info: Creating [xdb_processing_tasks].[Processing_MarkCursorCompleted]...
Info: Creating [xdb_processing_tasks].[Processing_PickDeferredTask]...
Info: Creating [xdb_processing_tasks].[Processing_PickDistributedTaskInProgress]...
Info: Creating [xdb_processing_tasks].[Processing_PickDistributedTaskPending]...
Info: Creating [xdb_processing_tasks].[Processing_RemoveExpiredTasks]...
Info: Creating [xdb_processing_tasks].[Processing_RemoveTaskById]...
Info: Creating [xdb_processing_tasks].[Processing_TryAcquireCursor]...
Info: Creating [xdb_processing_tasks].[Processing_TryRegisterCursorSplitRequest]...
Info: Creating [xdb_processing_tasks].[Processing_UpdateCursor]...
Info: Creating [xdb_processing_tasks].[Processing_UpdateCursorProgress]...
Info: Creating [xdb_processing_tasks].[Processing_UpdateTaskStatusById]...
Info: The transacted portion of the database update succeeded.
Info: Update complete.
Info: Updating database: Completed.
Info: Updating database (Complete)
Info: Deploying package to database: Completed.
Info: Adding database (data source=RAMONASENIE0E1F;initial catalog=xp901_Processing.Tasks;user id=sa)
Info: Adding database (sitemanifest/dbFullSql[@path='data source=RAMONASENIE0E1F;initial catalog=xp901_Processing.Tasks;user id=sa']/sqlScript)
Info: Opening SQL Connection with connection string 'data source=RAMONASENIE0E1F;initial catalog=xp901_Processing.Tasks;user id=sa;pooling=False'. The 'transacted' setting for this connection is 'False'.
Info: Updating file (xp901.processing\App_Config\ConnectionStrings.config).
Info: Deleting file (xp901.processing\App_Data\gateway.crt).
Info: Deleting file (xp901.processing\App_Data\license.xml).
Info: Deleting directory (xp901.processing\aspnet_client\system_web\4_0_30319).
Info: Deleting directory (xp901.processing\aspnet_client\system_web).
Info: Deleting directory (xp901.processing\aspnet_client).
Total changes: 10 (4 added, 5 deleted, 1 updated, 0 parameters changed, 1709 bytes copied)

[-------------------------------------- CreateBindingsWithDevelopmentThumprint : AddWebFeatureSSL ------------------------------------------------------------]

[------------------------------------------------------------------ SetLicense : Copy ------------------------------------------------------------------------]
[SetLicense]:[Copying] C:\xp\license.xml => C:\inetpub\wwwroot\xp901.processing\App_Data

[---------------------------------------------------------------- StartAppPool : ManageAppPool ---------------------------------------------------------------]
[StartAppPool]:[Start] xp901.processing

[---------------------------------------------------------------- StartWebsite : ManageWebsite ---------------------------------------------------------------]
[StartWebsite]:[Start] xp901.processing
[TIME] 00:00:35
**********************
Windows PowerShell transcript end
End time: 20180630104156
**********************
