**********************
Windows PowerShell transcript start
Start time: 20180630105103
Username: RAMONASENIE0E1F\ras
RunAs User: RAMONASENIE0E1F\ras
Machine: RAMONASENIE0E1F (Microsoft Windows NT 10.0.14393.0)
Host Application: C:\Windows\system32\WindowsPowerShell\v1.0\PowerShell_ISE.exe
Process ID: 856
PSVersion: 5.1.14393.1884
PSEdition: Desktop
PSCompatibleVersions: 1.0, 2.0, 3.0, 4.0, 5.0, 5.1.14393.1884
BuildVersion: 10.0.14393.1884
CLRVersion: 4.0.30319.42000
WSManStackVersion: 3.0
PSRemotingProtocolVersion: 2.3
SerializationVersion: 1.1.0.1
**********************
Transcript started, output file is C:\xp\sitecore-XP1-rep.180630.log
                                                              ************************************
                                                                   Sitecore Install Framework
                                                                         Version - 1.2.1
                                                              ************************************


WorkingDirectory  : C:\xp
LogPath           : C:\xp\sitecore-XP1-rep.180630.log
WhatIf            : False
Verbose           : SilentlyContinue
Configuration     : C:\xp\config\sitecore-XP1-rep.json
Debug             : SilentlyContinue
WarningAction     : Continue
ErrorAction       : Stop
InformationAction : Continue




[----------------------------------------------------------------- CreatePaths : EnsurePath ------------------------------------------------------------------]
[CreatePaths]:[Create] C:\inetpub\wwwroot\xp901.reporting

[--------------------------------------------------------------- CreateAppPool : AppPool ---------------------------------------------------------------------]
[CreateAppPool]:[Exists] xp901.reporting
[CreateAppPool]:[Setting] processModel.identityType => ApplicationPoolIdentity

[--------------------------------------------------------------- CreateWebsite : Website ---------------------------------------------------------------------]
[CreateWebsite]:[Exists] xp901.reporting
[CreateWebsite]:[Setting] applicationPool => xp901.reporting
[CreateWebsite]:[Setting] physicalPath => C:\inetpub\wwwroot\xp901.reporting

[----------------------------------------------------------------- StopWebsite : ManageWebsite ---------------------------------------------------------------]
[StopWebsite]:[Stop] xp901.reporting
WARNING: Website xp901.reporting is already Stopped

[----------------------------------------------------------------- StopAppPool : ManageAppPool ---------------------------------------------------------------]
[StopAppPool]:[Stop] xp901.reporting

[-------------------------------------------------------- RemoveDefaultBinding : WebBinding ------------------------------------------------------------------]
[RemoveDefaultBinding]:[Remove] 
protocol bindingInformation sslFlags
-------- ------------------ --------
http     *:80:                     0

[--------------------------------------- CreateBindingsWithThumprint [Skipped] : WebBinding ------------------------------------------------------------------]

[------------------------------------------------------------ CreateHostHeader : HostHeader ------------------------------------------------------------------]
[CreateHostHeader]:[Backup] Created - C:\Windows\system32\drivers\etc\hosts.backup
[CreateHostHeader]:[Exists] 127.0.0.1 => xp901.reporting

[-------------------------------------------------------------- SetPermissions : FilePermissions -------------------------------------------------------------]
[SetPermissions]:[Allow] IIS AppPool\xp901.reporting
[SetPermissions]:[Path] C:\inetpub\wwwroot\xp901.reporting
[SetPermissions]:[Rights] FullControl
[SetPermissions]:[Inherit] ContainerInherit ObjectInherit
[SetPermissions]:[Propagate] None

[------------------------------------------------------------------ InstallWDP : WebDeploy -------------------------------------------------------------------]
[WebDeploy]:[Path] C:\Program Files\iis\Microsoft Web Deploy V3\msdeploy.exe
Info: Deleting file (xp901.reporting\App_Data\gateway.crt).
Info: Deleting file (xp901.reporting\App_Data\license.xml).
Info: Deleting directory (xp901.reporting\aspnet_client\system_web\4_0_30319).
Info: Deleting directory (xp901.reporting\aspnet_client\system_web).
Info: Deleting directory (xp901.reporting\aspnet_client).
Total changes: 5 (0 added, 5 deleted, 0 updated, 0 parameters changed, 0 bytes copied)

[-------------------------------------- CreateBindingsWithDevelopmentThumprint : AddWebFeatureSSL ------------------------------------------------------------]

[------------------------------------------------------------------ SetLicense : Copy ------------------------------------------------------------------------]
[SetLicense]:[Copying] C:\xp\license.xml => C:\inetpub\wwwroot\xp901.reporting\App_Data

[---------------------------------------------------------------- StartAppPool : ManageAppPool ---------------------------------------------------------------]
[StartAppPool]:[Start] xp901.reporting

[---------------------------------------------------------------- StartWebsite : ManageWebsite ---------------------------------------------------------------]
[StartWebsite]:[Start] xp901.reporting
[TIME] 00:00:06
**********************
Windows PowerShell transcript end
End time: 20180630105110
**********************
