**********************
Windows PowerShell transcript start
Start time: 20180629152140
Username: RAMONASENIE0E1F\ras
RunAs User: RAMONASENIE0E1F\ras
Machine: RAMONASENIE0E1F (Microsoft Windows NT 10.0.14393.0)
Host Application: C:\Windows\system32\WindowsPowerShell\v1.0\PowerShell_ISE.exe
Process ID: 856
PSVersion: 5.1.14393.1884
PSEdition: Desktop
PSCompatibleVersions: 1.0, 2.0, 3.0, 4.0, 5.0, 5.1.14393.1884
BuildVersion: 10.0.14393.1884
CLRVersion: 4.0.30319.42000
WSManStackVersion: 3.0
PSRemotingProtocolVersion: 2.3
SerializationVersion: 1.1.0.1
**********************
Transcript started, output file is C:\xp\xconnect-xp1-MarketingAutomation.180629 (3).log
                                                              ************************************
                                                                   Sitecore Install Framework
                                                                         Version - 1.2.1
                                                              ************************************


WorkingDirectory  : C:\xp
LogPath           : C:\xp\xconnect-xp1-MarketingAutomation.180629 (3).log
WhatIf            : False
Verbose           : SilentlyContinue
Configuration     : C:\xp\config\xconnect-xp1-MarketingAutomation.json
Debug             : SilentlyContinue
WarningAction     : Continue
ErrorAction       : Stop
InformationAction : Continue




[----------------------------------------------------------------- CreatePaths : EnsurePath ------------------------------------------------------------------]
[CreatePaths]:[Create] C:\inetpub\wwwroot\xp901.sc

[--------------------------------------------------------------- CreateAppPool : AppPool ---------------------------------------------------------------------]
[CreateAppPool]:[Exists] xp901.sc
[CreateAppPool]:[Setting] processModel.identityType => ApplicationPoolIdentity

[---------------------------------------------- SetAppPoolCertStorePermissions : FilePermissions -------------------------------------------------------------]
[SetAppPoolCertStorePermissions]:[Allow] IIS AppPool\xp901.sc
[SetAppPoolCertStorePermissions]:[Path] C:\ProgramData\Microsoft\Crypto\RSA\MachineKeys\91b96ebb38a6a60bb219402c518edcbc_ffb0b732-144c-463c-be18-2420269ed3d0
[SetAppPoolCertStorePermissions]:[Rights] Read
[SetAppPoolCertStorePermissions]:[Inherit] None
[SetAppPoolCertStorePermissions]:[Propagate] None

[--------------------------------------------------------------- CreateWebsite : Website ---------------------------------------------------------------------]
[CreateWebsite]:[Exists] xp901.sc
[CreateWebsite]:[Setting] applicationPool => xp901.sc
[CreateWebsite]:[Setting] physicalPath => C:\inetpub\wwwroot\xp901.sc

[----------------------------------------------------------------- StopWebsite : ManageWebsite ---------------------------------------------------------------]
[StopWebsite]:[Stop] xp901.sc
WARNING: Website xp901.sc is already Stopped

[----------------------------------------------------------------- StopAppPool : ManageAppPool ---------------------------------------------------------------]
[StopAppPool]:[Stop] xp901.sc

[----------------------------------------------------------------- StopService : ManageService ---------------------------------------------------------------]
[StopService]:[Updating] xp901.sc-marketingautomationservice
WARNING: Service 'xp901.sc-marketingautomationservice' does not exist

[--------------------------------------------------------------- RemoveService : RemoveService ---------------------------------------------------------------]
WARNING: Could not find service: 'xp901.sc-marketingautomationservice'

[-------------------------------------------------------- RemoveDefaultBinding : WebBinding ------------------------------------------------------------------]
[RemoveDefaultBinding]:[Remove] 
protocol bindingInformation sslFlags
-------- ------------------ --------
http     *:80:                     0

[--------------------------------------- CreateBindingsWithThumprint [Skipped] : WebBinding ------------------------------------------------------------------]

[--------------------------------------------- SetClientCertificatePermissions : WebsiteClientCert -----------------------------------------------------------]
[SetClientCertificatePermissions]:[xp901.sc] [Setting] sslFlags => SslNegotiateCert

[------------------------------------------------------------ CreateHostHeader : HostHeader ------------------------------------------------------------------]
[CreateHostHeader]:[Backup] Created - C:\Windows\system32\drivers\etc\hosts.backup
[CreateHostHeader]:[Exists] 127.0.0.1 => xp901.sc

[-------------------------------------------------------------- SetPermissions : FilePermissions -------------------------------------------------------------]
[SetPermissions]:[Allow] IIS AppPool\xp901.sc
[SetPermissions]:[Path] C:\inetpub\wwwroot\xp901.sc
[SetPermissions]:[Rights] FullControl
[SetPermissions]:[Inherit] ContainerInherit ObjectInherit
[SetPermissions]:[Propagate] None

[------------------------------------------------------------------ InstallWDP : WebDeploy -------------------------------------------------------------------]
[WebDeploy]:[Path] C:\Program Files\iis\Microsoft Web Deploy V3\msdeploy.exe
Info: Deleting file (xp901.sc\App_data\jobs\continuous\IndexWorker\App_data\Logs\xconnect-log-RAMONASENIE0E1F-XConnectIndexer_AppHost-20180629.txt).
Info: Deleting directory (xp901.sc\App_data\jobs\continuous\IndexWorker\App_data\Logs).
Info: Deleting file (xp901.sc\App_data\jobs\continuous\IndexWorker\App_data\Models\Sitecore.EmailCampaign.XConnectModel, 1.0.json).
Info: Deleting file (xp901.sc\App_data\jobs\continuous\IndexWorker\App_data\Models\Sitecore.XConnect.Collection.Model, 9.0.json).
Info: Deleting file (xp901.sc\App_data\jobs\continuous\IndexWorker\App_data\Models\Sitecore.XConnect.ContentTesting.Model, 1.1.json).
Info: Deleting directory (xp901.sc\App_data\jobs\continuous\IndexWorker\App_data\Models).
Info: Deleting directory (xp901.sc\App_data\jobs\continuous\IndexWorker\App_data).
Info: Deleting file (xp901.sc\App_data\jobs\continuous\IndexWorker\de-DE\Microsoft.Data.Tools.Schema.Sql.resources.dll).
Info: Deleting file (xp901.sc\App_data\jobs\continuous\IndexWorker\de-DE\Microsoft.Data.Tools.Utilities.resources.dll).
Info: Deleting file (xp901.sc\App_data\jobs\continuous\IndexWorker\de-DE\Microsoft.SqlServer.Dac.Extensions.resources.dll).
Info: Deleting file (xp901.sc\App_data\jobs\continuous\IndexWorker\de-DE\Microsoft.SqlServer.Dac.resources.dll).
Info: Deleting directory (xp901.sc\App_data\jobs\continuous\IndexWorker\de-DE).
Info: Deleting file (xp901.sc\App_data\jobs\continuous\IndexWorker\es-ES\Microsoft.Data.Tools.Schema.Sql.resources.dll).
Info: Deleting file (xp901.sc\App_data\jobs\continuous\IndexWorker\es-ES\Microsoft.Data.Tools.Utilities.resources.dll).
Info: Deleting file (xp901.sc\App_data\jobs\continuous\IndexWorker\es-ES\Microsoft.SqlServer.Dac.Extensions.resources.dll).
Info: Deleting file (xp901.sc\App_data\jobs\continuous\IndexWorker\es-ES\Microsoft.SqlServer.Dac.resources.dll).
Info: Deleting directory (xp901.sc\App_data\jobs\continuous\IndexWorker\es-ES).
Info: Deleting file (xp901.sc\App_data\jobs\continuous\IndexWorker\fr-FR\Microsoft.Data.Tools.Schema.Sql.resources.dll).
Info: Deleting file (xp901.sc\App_data\jobs\continuous\IndexWorker\fr-FR\Microsoft.Data.Tools.Utilities.resources.dll).
Info: Deleting file (xp901.sc\App_data\jobs\continuous\IndexWorker\fr-FR\Microsoft.SqlServer.Dac.Extensions.resources.dll).
Info: Deleting file (xp901.sc\App_data\jobs\continuous\IndexWorker\fr-FR\Microsoft.SqlServer.Dac.resources.dll).
Info: Deleting directory (xp901.sc\App_data\jobs\continuous\IndexWorker\fr-FR).
Info: Deleting file (xp901.sc\App_data\jobs\continuous\IndexWorker\it-IT\Microsoft.Data.Tools.Schema.Sql.resources.dll).
Info: Deleting file (xp901.sc\App_data\jobs\continuous\IndexWorker\it-IT\Microsoft.Data.Tools.Utilities.resources.dll).
Info: Deleting file (xp901.sc\App_data\jobs\continuous\IndexWorker\it-IT\Microsoft.SqlServer.Dac.Extensions.resources.dll).
Info: Deleting file (xp901.sc\App_data\jobs\continuous\IndexWorker\it-IT\Microsoft.SqlServer.Dac.resources.dll).
Info: Deleting directory (xp901.sc\App_data\jobs\continuous\IndexWorker\it-IT).
Info: Deleting file (xp901.sc\App_data\jobs\continuous\IndexWorker\ja-JP\Microsoft.Data.Tools.Schema.Sql.resources.dll).
Info: Deleting file (xp901.sc\App_data\jobs\continuous\IndexWorker\ja-JP\Microsoft.Data.Tools.Utilities.resources.dll).
Info: Deleting file (xp901.sc\App_data\jobs\continuous\IndexWorker\ja-JP\Microsoft.SqlServer.Dac.Extensions.resources.dll).
Info: Deleting file (xp901.sc\App_data\jobs\continuous\IndexWorker\ja-JP\Microsoft.SqlServer.Dac.resources.dll).
Info: Deleting directory (xp901.sc\App_data\jobs\continuous\IndexWorker\ja-JP).
Info: Deleting file (xp901.sc\App_data\jobs\continuous\IndexWorker\ko-KR\Microsoft.Data.Tools.Schema.Sql.resources.dll).
Info: Deleting file (xp901.sc\App_data\jobs\continuous\IndexWorker\ko-KR\Microsoft.Data.Tools.Utilities.resources.dll).
Info: Deleting file (xp901.sc\App_data\jobs\continuous\IndexWorker\ko-KR\Microsoft.SqlServer.Dac.Extensions.resources.dll).
Info: Deleting file (xp901.sc\App_data\jobs\continuous\IndexWorker\ko-KR\Microsoft.SqlServer.Dac.resources.dll).
Info: Deleting directory (xp901.sc\App_data\jobs\continuous\IndexWorker\ko-KR).
Info: Deleting file (xp901.sc\App_data\jobs\continuous\IndexWorker\Microsoft.ApplicationInsights.dll).
Info: Deleting file (xp901.sc\App_data\jobs\continuous\IndexWorker\Microsoft.ApplicationInsights.xml).
Info: Deleting file (xp901.sc\App_data\jobs\continuous\IndexWorker\Microsoft.AspNetCore.Hosting.Abstractions.dll).
Info: Deleting file (xp901.sc\App_data\jobs\continuous\IndexWorker\Microsoft.AspNetCore.Hosting.Abstractions.xml).
Info: Deleting file (xp901.sc\App_data\jobs\continuous\IndexWorker\Microsoft.AspNetCore.Hosting.Server.Abstractions.dll).
Info: Deleting file (xp901.sc\App_data\jobs\continuous\IndexWorker\Microsoft.AspNetCore.Hosting.Server.Abstractions.xml).
Info: Deleting file (xp901.sc\App_data\jobs\continuous\IndexWorker\Microsoft.AspNetCore.Http.Abstractions.dll).
Info: Deleting file (xp901.sc\App_data\jobs\continuous\IndexWorker\Microsoft.AspNetCore.Http.Abstractions.xml).
Info: Deleting file (xp901.sc\App_data\jobs\continuous\IndexWorker\Microsoft.AspNetCore.Http.Features.dll).
Info: Deleting file (xp901.sc\App_data\jobs\continuous\IndexWorker\Microsoft.AspNetCore.Http.Features.xml).
Info: Deleting file (xp901.sc\App_data\jobs\continuous\IndexWorker\Microsoft.Azure.KeyVault.dll).
Info: Deleting file (xp901.sc\App_data\jobs\continuous\IndexWorker\Microsoft.Azure.KeyVault.WebKey.dll).
Info: Deleting file (xp901.sc\App_data\jobs\continuous\IndexWorker\Microsoft.Azure.SqlDatabase.ElasticScale.Client.dll).
Info: Deleting file (xp901.sc\App_data\jobs\continuous\IndexWorker\Microsoft.Azure.SqlDatabase.ElasticScale.Client.xml).
Info: Deleting file (xp901.sc\App_data\jobs\continuous\IndexWorker\Microsoft.Data.Tools.Schema.Sql.dll).
Info: Deleting file (xp901.sc\App_data\jobs\continuous\IndexWorker\Microsoft.Data.Tools.Utilities.dll).
Info: Deleting file (xp901.sc\App_data\jobs\continuous\IndexWorker\Microsoft.DotNet.InternalAbstractions.dll).
Info: Deleting file (xp901.sc\App_data\jobs\continuous\IndexWorker\Microsoft.Extensions.CommandLineUtils.dll).
Info: Deleting file (xp901.sc\App_data\jobs\continuous\IndexWorker\Microsoft.Extensions.CommandLineUtils.xml).
Info: Deleting file (xp901.sc\App_data\jobs\continuous\IndexWorker\Microsoft.Extensions.Configuration.Abstractions.dll).
Info: Deleting file (xp901.sc\App_data\jobs\continuous\IndexWorker\Microsoft.Extensions.Configuration.Abstractions.xml).
Info: Deleting file (xp901.sc\App_data\jobs\continuous\IndexWorker\Microsoft.Extensions.Configuration.Binder.dll).
Info: Deleting file (xp901.sc\App_data\jobs\continuous\IndexWorker\Microsoft.Extensions.Configuration.Binder.xml).
Info: Deleting file (xp901.sc\App_data\jobs\continuous\IndexWorker\Microsoft.Extensions.Configuration.CommandLine.dll).
Info: Deleting file (xp901.sc\App_data\jobs\continuous\IndexWorker\Microsoft.Extensions.Configuration.CommandLine.xml).
Info: Deleting file (xp901.sc\App_data\jobs\continuous\IndexWorker\Microsoft.Extensions.Configuration.dll).
Info: Deleting file (xp901.sc\App_data\jobs\continuous\IndexWorker\Microsoft.Extensions.Configuration.EnvironmentVariables.dll).
Info: Deleting file (xp901.sc\App_data\jobs\continuous\IndexWorker\Microsoft.Extensions.Configuration.EnvironmentVariables.xml).
Info: Deleting file (xp901.sc\App_data\jobs\continuous\IndexWorker\Microsoft.Extensions.Configuration.FileExtensions.dll).
Info: Deleting file (xp901.sc\App_data\jobs\continuous\IndexWorker\Microsoft.Extensions.Configuration.FileExtensions.xml).
Info: Deleting file (xp901.sc\App_data\jobs\continuous\IndexWorker\Microsoft.Extensions.Configuration.Ini.dll).
Info: Deleting file (xp901.sc\App_data\jobs\continuous\IndexWorker\Microsoft.Extensions.Configuration.Ini.xml).
Info: Deleting file (xp901.sc\App_data\jobs\continuous\IndexWorker\Microsoft.Extensions.Configuration.Json.dll).
Info: Deleting file (xp901.sc\App_data\jobs\continuous\IndexWorker\Microsoft.Extensions.Configuration.Json.xml).
Info: Deleting file (xp901.sc\App_data\jobs\continuous\IndexWorker\Microsoft.Extensions.Configuration.xml).
Info: Deleting file (xp901.sc\App_data\jobs\continuous\IndexWorker\Microsoft.Extensions.Configuration.Xml.dll).
Info: Deleting file (xp901.sc\App_data\jobs\continuous\IndexWorker\Microsoft.Extensions.Configuration.Xml.xml).
Info: Deleting file (xp901.sc\App_data\jobs\continuous\IndexWorker\Microsoft.Extensions.DependencyInjection.Abstractions.dll).
Info: Deleting file (xp901.sc\App_data\jobs\continuous\IndexWorker\Microsoft.Extensions.DependencyInjection.Abstractions.xml).
Info: Deleting file (xp901.sc\App_data\jobs\continuous\IndexWorker\Microsoft.Extensions.DependencyInjection.dll).
Info: Deleting file (xp901.sc\App_data\jobs\continuous\IndexWorker\Microsoft.Extensions.DependencyInjection.xml).
Info: Deleting file (xp901.sc\App_data\jobs\continuous\IndexWorker\Microsoft.Extensions.DependencyModel.dll).
Info: Deleting file (xp901.sc\App_data\jobs\continuous\IndexWorker\Microsoft.Extensions.FileProviders.Abstractions.dll).
Info: Deleting file (xp901.sc\App_data\jobs\continuous\IndexWorker\Microsoft.Extensions.FileProviders.Abstractions.xml).
Info: Deleting file (xp901.sc\App_data\jobs\continuous\IndexWorker\Microsoft.Extensions.FileProviders.Physical.dll).
Info: Deleting file (xp901.sc\App_data\jobs\continuous\IndexWorker\Microsoft.Extensions.FileProviders.Physical.xml).
Info: Deleting file (xp901.sc\App_data\jobs\continuous\IndexWorker\Microsoft.Extensions.FileSystemGlobbing.dll).
Info: Deleting file (xp901.sc\App_data\jobs\continuous\IndexWorker\Microsoft.Extensions.FileSystemGlobbing.xml).
Info: Deleting file (xp901.sc\App_data\jobs\continuous\IndexWorker\Microsoft.Extensions.Logging.Abstractions.dll).
Info: Deleting file (xp901.sc\App_data\jobs\continuous\IndexWorker\Microsoft.Extensions.Logging.Abstractions.xml).
Info: Deleting file (xp901.sc\App_data\jobs\continuous\IndexWorker\Microsoft.Extensions.Logging.dll).
Info: Deleting file (xp901.sc\App_data\jobs\continuous\IndexWorker\Microsoft.Extensions.Logging.xml).
Info: Deleting file (xp901.sc\App_data\jobs\continuous\IndexWorker\Microsoft.Extensions.PlatformAbstractions.dll).
Info: Deleting file (xp901.sc\App_data\jobs\continuous\IndexWorker\Microsoft.Extensions.PlatformAbstractions.xml).
Info: Deleting file (xp901.sc\App_data\jobs\continuous\IndexWorker\Microsoft.Extensions.Primitives.dll).
Info: Deleting file (xp901.sc\App_data\jobs\continuous\IndexWorker\Microsoft.Extensions.Primitives.xml).
Info: Deleting file (xp901.sc\App_data\jobs\continuous\IndexWorker\Microsoft.IdentityModel.Clients.ActiveDirectory.dll).
Info: Deleting file (xp901.sc\App_data\jobs\continuous\IndexWorker\Microsoft.IdentityModel.Clients.ActiveDirectory.Platform.dll).
Info: Deleting file (xp901.sc\App_data\jobs\continuous\IndexWorker\Microsoft.IdentityModel.Clients.ActiveDirectory.Platform.xml).
Info: Deleting file (xp901.sc\App_data\jobs\continuous\IndexWorker\Microsoft.IdentityModel.Clients.ActiveDirectory.xml).
Info: Deleting file (xp901.sc\App_data\jobs\continuous\IndexWorker\Microsoft.Practices.EnterpriseLibrary.TransientFaultHandling.Data.dll).
Info: Deleting file (xp901.sc\App_data\jobs\continuous\IndexWorker\Microsoft.Practices.EnterpriseLibrary.TransientFaultHandling.Data.xml).
Info: Deleting file (xp901.sc\App_data\jobs\continuous\IndexWorker\Microsoft.Practices.EnterpriseLibrary.TransientFaultHandling.dll).
Info: Deleting file (xp901.sc\App_data\jobs\continuous\IndexWorker\Microsoft.Practices.EnterpriseLibrary.TransientFaultHandling.xml).
Info: Deleting file (xp901.sc\App_data\jobs\continuous\IndexWorker\Microsoft.Practices.ServiceLocation.dll).
Info: Deleting file (xp901.sc\App_data\jobs\continuous\IndexWorker\Microsoft.Practices.ServiceLocation.xml).
Info: Deleting file (xp901.sc\App_data\jobs\continuous\IndexWorker\Microsoft.Rest.ClientRuntime.Azure.dll).
Info: Deleting file (xp901.sc\App_data\jobs\continuous\IndexWorker\Microsoft.Rest.ClientRuntime.Azure.xml).
Info: Deleting file (xp901.sc\App_data\jobs\continuous\IndexWorker\Microsoft.Rest.ClientRuntime.dll).
Info: Deleting file (xp901.sc\App_data\jobs\continuous\IndexWorker\Microsoft.Rest.ClientRuntime.xml).
Info: Deleting file (xp901.sc\App_data\jobs\continuous\IndexWorker\Microsoft.SqlServer.Dac.dll).
Info: Deleting file (xp901.sc\App_data\jobs\continuous\IndexWorker\Microsoft.SqlServer.Dac.Extensions.dll).
Info: Deleting file (xp901.sc\App_data\jobs\continuous\IndexWorker\Microsoft.SqlServer.Dac.Extensions.xml).
Info: Deleting file (xp901.sc\App_data\jobs\continuous\IndexWorker\Microsoft.SqlServer.Dac.xml).
Info: Deleting file (xp901.sc\App_data\jobs\continuous\IndexWorker\Microsoft.SqlServer.Management.AlwaysEncrypted.AzureKeyVaultProvider.dll).
Info: Deleting file (xp901.sc\App_data\jobs\continuous\IndexWorker\Microsoft.SqlServer.TransactSql.ScriptDom.dll).
Info: Deleting file (xp901.sc\App_data\jobs\continuous\IndexWorker\Microsoft.SqlServer.Types.dll).
Info: Deleting file (xp901.sc\App_data\jobs\continuous\IndexWorker\Newtonsoft.Json.dll).
Info: Deleting file (xp901.sc\App_data\jobs\continuous\IndexWorker\Newtonsoft.Json.xml).
Info: Deleting file (xp901.sc\App_data\jobs\continuous\IndexWorker\pt-BR\Microsoft.Data.Tools.Schema.Sql.resources.dll).
Info: Deleting file (xp901.sc\App_data\jobs\continuous\IndexWorker\pt-BR\Microsoft.Data.Tools.Utilities.resources.dll).
Info: Deleting file (xp901.sc\App_data\jobs\continuous\IndexWorker\pt-BR\Microsoft.SqlServer.Dac.Extensions.resources.dll).
Info: Deleting file (xp901.sc\App_data\jobs\continuous\IndexWorker\pt-BR\Microsoft.SqlServer.Dac.resources.dll).
Info: Deleting directory (xp901.sc\App_data\jobs\continuous\IndexWorker\pt-BR).
Info: Deleting file (xp901.sc\App_data\jobs\continuous\IndexWorker\Remotion.Linq.dll).
Info: Deleting file (xp901.sc\App_data\jobs\continuous\IndexWorker\Remotion.Linq.xml).
Info: Deleting file (xp901.sc\App_data\jobs\continuous\IndexWorker\ru-RU\Microsoft.Data.Tools.Schema.Sql.resources.dll).
Info: Deleting file (xp901.sc\App_data\jobs\continuous\IndexWorker\ru-RU\Microsoft.Data.Tools.Utilities.resources.dll).
Info: Deleting file (xp901.sc\App_data\jobs\continuous\IndexWorker\ru-RU\Microsoft.SqlServer.Dac.Extensions.resources.dll).
Info: Deleting file (xp901.sc\App_data\jobs\continuous\IndexWorker\ru-RU\Microsoft.SqlServer.Dac.resources.dll).
Info: Deleting directory (xp901.sc\App_data\jobs\continuous\IndexWorker\ru-RU).
Info: Deleting file (xp901.sc\App_data\jobs\continuous\IndexWorker\Serilog.dll).
Info: Deleting file (xp901.sc\App_data\jobs\continuous\IndexWorker\Serilog.Extensions.Logging.dll).
Info: Deleting file (xp901.sc\App_data\jobs\continuous\IndexWorker\Serilog.Extensions.Logging.xml).
Info: Deleting file (xp901.sc\App_data\jobs\continuous\IndexWorker\Serilog.Settings.Configuration.dll).
Info: Deleting file (xp901.sc\App_data\jobs\continuous\IndexWorker\Serilog.Settings.Configuration.xml).
Info: Deleting file (xp901.sc\App_data\jobs\continuous\IndexWorker\Serilog.Sinks.ApplicationInsights.dll).
Info: Deleting file (xp901.sc\App_data\jobs\continuous\IndexWorker\Serilog.Sinks.File.dll).
Info: Deleting file (xp901.sc\App_data\jobs\continuous\IndexWorker\Serilog.Sinks.File.xml).
Info: Deleting file (xp901.sc\App_data\jobs\continuous\IndexWorker\Serilog.Sinks.RollingFile.dll).
Info: Deleting file (xp901.sc\App_data\jobs\continuous\IndexWorker\Serilog.Sinks.RollingFile.xml).
Info: Deleting file (xp901.sc\App_data\jobs\continuous\IndexWorker\Serilog.xml).
Info: Deleting file (xp901.sc\App_data\jobs\continuous\IndexWorker\Sitecore.EmailCampaign.Model.dll).
Info: Deleting file (xp901.sc\App_data\jobs\continuous\IndexWorker\Sitecore.EmailCampaign.XConnect.dll).
Info: Deleting file (xp901.sc\App_data\jobs\continuous\IndexWorker\Sitecore.Framework.Common.Extensions.dll).
Info: Deleting file (xp901.sc\App_data\jobs\continuous\IndexWorker\Sitecore.Framework.Common.Extensions.xml).
Info: Deleting file (xp901.sc\App_data\jobs\continuous\IndexWorker\Sitecore.Framework.Conditions.dll).
Info: Deleting file (xp901.sc\App_data\jobs\continuous\IndexWorker\Sitecore.Framework.Conditions.xml).
Info: Deleting file (xp901.sc\App_data\jobs\continuous\IndexWorker\Sitecore.Framework.Configuration.Abstractions.dll).
Info: Deleting file (xp901.sc\App_data\jobs\continuous\IndexWorker\Sitecore.Framework.Configuration.Abstractions.xml).
Info: Deleting file (xp901.sc\App_data\jobs\continuous\IndexWorker\Sitecore.Framework.Configuration.Common.dll).
Info: Deleting file (xp901.sc\App_data\jobs\continuous\IndexWorker\Sitecore.Framework.Configuration.Common.xml).
Info: Deleting file (xp901.sc\App_data\jobs\continuous\IndexWorker\Sitecore.Framework.Configuration.dll).
Info: Deleting file (xp901.sc\App_data\jobs\continuous\IndexWorker\Sitecore.Framework.Configuration.Extensions.dll).
Info: Deleting file (xp901.sc\App_data\jobs\continuous\IndexWorker\Sitecore.Framework.Configuration.Extensions.xml).
Info: Deleting file (xp901.sc\App_data\jobs\continuous\IndexWorker\Sitecore.Framework.Configuration.xml).
Info: Deleting file (xp901.sc\App_data\jobs\continuous\IndexWorker\Sitecore.Nexus.Licensing.dll).
Info: Deleting file (xp901.sc\App_data\jobs\continuous\IndexWorker\Sitecore.XConnect.Configuration.dll).
Info: Deleting file (xp901.sc\App_data\jobs\continuous\IndexWorker\Sitecore.XConnect.DependencyInjection.dll).
Info: Deleting file (xp901.sc\App_data\jobs\continuous\IndexWorker\Sitecore.XConnect.Diagnostics.ApplicationInsights.dll).
Info: Deleting file (xp901.sc\App_data\jobs\continuous\IndexWorker\Sitecore.XConnect.Diagnostics.dll).
Info: Deleting file (xp901.sc\App_data\jobs\continuous\IndexWorker\Sitecore.XConnect.Diagnostics.PerformanceCounters.dll).
Info: Deleting file (xp901.sc\App_data\jobs\continuous\IndexWorker\Sitecore.XConnect.dll).
Info: Deleting file (xp901.sc\App_data\jobs\continuous\IndexWorker\Sitecore.XConnect.Logging.Serilog.AppInsights.dll).
Info: Deleting file (xp901.sc\App_data\jobs\continuous\IndexWorker\Sitecore.XConnect.Logging.Serilog.dll).
Info: Deleting file (xp901.sc\App_data\jobs\continuous\IndexWorker\Sitecore.XConnect.Search.dll).
Info: Deleting file (xp901.sc\App_data\jobs\continuous\IndexWorker\Sitecore.XConnect.xml).
Info: Deleting file (xp901.sc\App_data\jobs\continuous\IndexWorker\Sitecore.Xdb.Collection.Data.SqlServer.dll).
Info: Deleting file (xp901.sc\App_data\jobs\continuous\IndexWorker\Sitecore.Xdb.Collection.dll).
Info: Deleting file (xp901.sc\App_data\jobs\continuous\IndexWorker\Sitecore.Xdb.Collection.Search.Azure.dll).
Info: Deleting file (xp901.sc\App_data\jobs\continuous\IndexWorker\Sitecore.Xdb.Collection.Search.Azure.xml).
Info: Deleting file (xp901.sc\App_data\jobs\continuous\IndexWorker\Sitecore.Xdb.Collection.Search.Solr.dll).
Info: Deleting file (xp901.sc\App_data\jobs\continuous\IndexWorker\Sitecore.Xdb.Collection.Search.Solr.xml).
Info: Deleting file (xp901.sc\App_data\jobs\continuous\IndexWorker\Sitecore.Xdb.Collection.xml).
Info: Deleting file (xp901.sc\App_data\jobs\continuous\IndexWorker\Sitecore.Xdb.Sql.Common.dll).
Info: Deleting file (xp901.sc\App_data\jobs\continuous\IndexWorker\SolrNet.dll).
Info: Deleting file (xp901.sc\App_data\jobs\continuous\IndexWorker\SolrNet.xml).
Info: Deleting file (xp901.sc\App_data\jobs\continuous\IndexWorker\System.Collections.NonGeneric.dll).
Info: Deleting file (xp901.sc\App_data\jobs\continuous\IndexWorker\System.ComponentModel.Primitives.dll).
Info: Deleting file (xp901.sc\App_data\jobs\continuous\IndexWorker\System.ComponentModel.TypeConverter.dll).
Info: Deleting file (xp901.sc\App_data\jobs\continuous\IndexWorker\System.Interactive.Async.dll).
Info: Deleting file (xp901.sc\App_data\jobs\continuous\IndexWorker\System.Interactive.Async.Providers.dll).
Info: Deleting file (xp901.sc\App_data\jobs\continuous\IndexWorker\System.Interactive.Async.Providers.xml).
Info: Deleting file (xp901.sc\App_data\jobs\continuous\IndexWorker\System.Interactive.Async.xml).
Info: Deleting file (xp901.sc\App_data\jobs\continuous\IndexWorker\System.IO.dll).
Info: Deleting file (xp901.sc\App_data\jobs\continuous\IndexWorker\System.Reflection.dll).
Info: Deleting file (xp901.sc\App_data\jobs\continuous\IndexWorker\System.Runtime.dll).
Info: Deleting file (xp901.sc\App_data\jobs\continuous\IndexWorker\System.Runtime.Extensions.dll).
Info: Deleting file (xp901.sc\App_data\jobs\continuous\IndexWorker\System.Runtime.InteropServices.dll).
Info: Deleting file (xp901.sc\App_data\jobs\continuous\IndexWorker\System.Text.Encodings.Web.dll).
Info: Deleting file (xp901.sc\App_data\jobs\continuous\IndexWorker\System.Text.Encodings.Web.xml).
Info: Deleting file (xp901.sc\App_data\jobs\continuous\IndexWorker\XConnectSearchIndexer.exe).
Info: Deleting file (xp901.sc\App_data\jobs\continuous\IndexWorker\XConnectSearchIndexer.exe.config).
Info: Deleting file (xp901.sc\App_data\jobs\continuous\IndexWorker\xp901.sc-indexworker.install.log).
Info: Deleting file (xp901.sc\App_data\jobs\continuous\IndexWorker\zh-CN\Microsoft.Data.Tools.Schema.Sql.resources.dll).
Info: Deleting file (xp901.sc\App_data\jobs\continuous\IndexWorker\zh-CN\Microsoft.Data.Tools.Utilities.resources.dll).
Info: Deleting file (xp901.sc\App_data\jobs\continuous\IndexWorker\zh-CN\Microsoft.SqlServer.Dac.Extensions.resources.dll).
Info: Deleting file (xp901.sc\App_data\jobs\continuous\IndexWorker\zh-CN\Microsoft.SqlServer.Dac.resources.dll).
Info: Deleting directory (xp901.sc\App_data\jobs\continuous\IndexWorker\zh-CN).
Info: Deleting file (xp901.sc\App_data\jobs\continuous\IndexWorker\zh-TW\Microsoft.Data.Tools.Schema.Sql.resources.dll).
Info: Deleting file (xp901.sc\App_data\jobs\continuous\IndexWorker\zh-TW\Microsoft.Data.Tools.Utilities.resources.dll).
Info: Deleting file (xp901.sc\App_data\jobs\continuous\IndexWorker\zh-TW\Microsoft.SqlServer.Dac.Extensions.resources.dll).
Info: Deleting file (xp901.sc\App_data\jobs\continuous\IndexWorker\zh-TW\Microsoft.SqlServer.Dac.resources.dll).
Info: Deleting directory (xp901.sc\App_data\jobs\continuous\IndexWorker\zh-TW).
Info: Deleting directory (xp901.sc\App_data\jobs\continuous\IndexWorker).
Info: Deleting file (xp901.sc\App_data\license.xml).
Info: Updating file (xp901.sc\App_data\Logs\_._).
Info: Updating file (xp901.sc\App_data\Models\Sitecore.EmailCampaign.XConnectModel, 1.0.json).
Info: Updating file (xp901.sc\App_data\Models\Sitecore.XConnect.Collection.Model, 9.0.json).
Info: Updating file (xp901.sc\App_data\Models\Sitecore.XConnect.ContentTesting.Model, 1.1.json).
Info: Deleting file (xp901.sc\App_data\solrcommands\schema.json).
Info: Deleting directory (xp901.sc\App_data\solrcommands).
Info: Updating file (xp901.sc\bin\Microsoft.ApplicationInsights.dll).
Info: Updating file (xp901.sc\bin\Microsoft.ApplicationInsights.XML).
Info: Updating file (xp901.sc\bin\Microsoft.AspNetCore.Hosting.Abstractions.dll).
Info: Updating file (xp901.sc\bin\Microsoft.AspNetCore.Hosting.Abstractions.xml).
Info: Updating file (xp901.sc\bin\Microsoft.AspNetCore.Hosting.Server.Abstractions.dll).
Info: Updating file (xp901.sc\bin\Microsoft.AspNetCore.Hosting.Server.Abstractions.xml).
Info: Updating file (xp901.sc\bin\Microsoft.AspNetCore.Http.Abstractions.dll).
Info: Updating file (xp901.sc\bin\Microsoft.AspNetCore.Http.Abstractions.xml).
Info: Updating file (xp901.sc\bin\Microsoft.AspNetCore.Http.Features.dll).
Info: Updating file (xp901.sc\bin\Microsoft.AspNetCore.Http.Features.xml).
Info: Updating file (xp901.sc\bin\Microsoft.Azure.KeyVault.dll).
Info: Updating file (xp901.sc\bin\Microsoft.Azure.KeyVault.WebKey.dll).
Info: Updating file (xp901.sc\bin\Microsoft.Azure.SqlDatabase.ElasticScale.Client.dll).
Info: Updating file (xp901.sc\bin\Microsoft.Azure.SqlDatabase.ElasticScale.Client.xml).
Info: Updating file (xp901.sc\bin\Microsoft.Data.Tools.Schema.Sql.dll).
Info: Updating file (xp901.sc\bin\Microsoft.Data.Tools.Utilities.dll).
Info: Updating file (xp901.sc\bin\Microsoft.DotNet.InternalAbstractions.dll).
Info: Updating file (xp901.sc\bin\Microsoft.Extensions.CommandLineUtils.dll).
Info: Updating file (xp901.sc\bin\Microsoft.Extensions.CommandLineUtils.xml).
Info: Updating file (xp901.sc\bin\Microsoft.Extensions.Configuration.Abstractions.dll).
Info: Updating file (xp901.sc\bin\Microsoft.Extensions.Configuration.Abstractions.xml).
Info: Updating file (xp901.sc\bin\Microsoft.Extensions.Configuration.Binder.dll).
Info: Updating file (xp901.sc\bin\Microsoft.Extensions.Configuration.Binder.xml).
Info: Updating file (xp901.sc\bin\Microsoft.Extensions.Configuration.CommandLine.dll).
Info: Updating file (xp901.sc\bin\Microsoft.Extensions.Configuration.CommandLine.xml).
Info: Updating file (xp901.sc\bin\Microsoft.Extensions.Configuration.dll).
Info: Updating file (xp901.sc\bin\Microsoft.Extensions.Configuration.EnvironmentVariables.dll).
Info: Updating file (xp901.sc\bin\Microsoft.Extensions.Configuration.EnvironmentVariables.xml).
Info: Updating file (xp901.sc\bin\Microsoft.Extensions.Configuration.FileExtensions.dll).
Info: Updating file (xp901.sc\bin\Microsoft.Extensions.Configuration.FileExtensions.xml).
Info: Updating file (xp901.sc\bin\Microsoft.Extensions.Configuration.Ini.dll).
Info: Updating file (xp901.sc\bin\Microsoft.Extensions.Configuration.Ini.xml).
Info: Updating file (xp901.sc\bin\Microsoft.Extensions.Configuration.Json.dll).
Info: Updating file (xp901.sc\bin\Microsoft.Extensions.Configuration.Json.xml).
Info: Updating file (xp901.sc\bin\Microsoft.Extensions.Configuration.xml).
Info: Updating file (xp901.sc\bin\Microsoft.Extensions.Configuration.Xml.dll).
Info: Updating file (xp901.sc\bin\Microsoft.Extensions.Configuration.Xml.xml).
Info: Updating file (xp901.sc\bin\Microsoft.Extensions.DependencyInjection.Abstractions.dll).
Info: Updating file (xp901.sc\bin\Microsoft.Extensions.DependencyInjection.Abstractions.xml).
Info: Updating file (xp901.sc\bin\Microsoft.Extensions.DependencyInjection.dll).
Info: Updating file (xp901.sc\bin\Microsoft.Extensions.DependencyInjection.xml).
Info: Updating file (xp901.sc\bin\Microsoft.Extensions.DependencyModel.dll).
Info: Updating file (xp901.sc\bin\Microsoft.Extensions.FileProviders.Abstractions.dll).
Info: Updating file (xp901.sc\bin\Microsoft.Extensions.FileProviders.Abstractions.xml).
Info: Updating file (xp901.sc\bin\Microsoft.Extensions.FileProviders.Physical.dll).
Info: Updating file (xp901.sc\bin\Microsoft.Extensions.FileProviders.Physical.xml).
Info: Updating file (xp901.sc\bin\Microsoft.Extensions.FileSystemGlobbing.dll).
Info: Updating file (xp901.sc\bin\Microsoft.Extensions.FileSystemGlobbing.xml).
Info: Updating file (xp901.sc\bin\Microsoft.Extensions.Logging.Abstractions.dll).
Info: Updating file (xp901.sc\bin\Microsoft.Extensions.Logging.Abstractions.xml).
Info: Updating file (xp901.sc\bin\Microsoft.Extensions.Logging.dll).
Info: Updating file (xp901.sc\bin\Microsoft.Extensions.Logging.xml).
Info: Updating file (xp901.sc\bin\Microsoft.Extensions.Options.dll).
Info: Updating file (xp901.sc\bin\Microsoft.Extensions.Options.xml).
Info: Updating file (xp901.sc\bin\Microsoft.Extensions.PlatformAbstractions.dll).
Info: Updating file (xp901.sc\bin\Microsoft.Extensions.PlatformAbstractions.xml).
Info: Updating file (xp901.sc\bin\Microsoft.Extensions.Primitives.dll).
Info: Updating file (xp901.sc\bin\Microsoft.Extensions.Primitives.xml).
Info: Updating file (xp901.sc\bin\Microsoft.IdentityModel.Clients.ActiveDirectory.dll).
Info: Updating file (xp901.sc\bin\Microsoft.IdentityModel.Clients.ActiveDirectory.Platform.dll).
Info: Updating file (xp901.sc\bin\Microsoft.IdentityModel.Clients.ActiveDirectory.Platform.XML).
Info: Updating file (xp901.sc\bin\Microsoft.IdentityModel.Clients.ActiveDirectory.xml).
Info: Updating file (xp901.sc\bin\Microsoft.OData.Core.dll).
Info: Updating file (xp901.sc\bin\Microsoft.OData.Core.xml).
Info: Updating file (xp901.sc\bin\Microsoft.OData.Edm.dll).
Info: Updating file (xp901.sc\bin\Microsoft.OData.Edm.xml).
Info: Updating file (xp901.sc\bin\Microsoft.Practices.EnterpriseLibrary.TransientFaultHandling.Data.dll).
Info: Updating file (xp901.sc\bin\Microsoft.Practices.EnterpriseLibrary.TransientFaultHandling.Data.xml).
Info: Updating file (xp901.sc\bin\Microsoft.Practices.EnterpriseLibrary.TransientFaultHandling.dll).
Info: Updating file (xp901.sc\bin\Microsoft.Practices.EnterpriseLibrary.TransientFaultHandling.xml).
Info: Updating file (xp901.sc\bin\Microsoft.Practices.ServiceLocation.dll).
Info: Updating file (xp901.sc\bin\Microsoft.Practices.ServiceLocation.XML).
Info: Updating file (xp901.sc\bin\Microsoft.Rest.ClientRuntime.Azure.dll).
Info: Updating file (xp901.sc\bin\Microsoft.Rest.ClientRuntime.Azure.runtimeconfig.json).
Info: Updating file (xp901.sc\bin\Microsoft.Rest.ClientRuntime.Azure.xml).
Info: Updating file (xp901.sc\bin\Microsoft.Rest.ClientRuntime.dll).
Info: Updating file (xp901.sc\bin\Microsoft.Rest.ClientRuntime.runtimeconfig.json).
Info: Updating file (xp901.sc\bin\Microsoft.Rest.ClientRuntime.xml).
Info: Updating file (xp901.sc\bin\Microsoft.ServiceBus.dll).
Info: Updating file (xp901.sc\bin\Microsoft.ServiceBus.xml).
Info: Updating file (xp901.sc\bin\Microsoft.Spatial.dll).
Info: Updating file (xp901.sc\bin\Microsoft.Spatial.xml).
Info: Updating file (xp901.sc\bin\Microsoft.SqlServer.Dac.dll).
Info: Updating file (xp901.sc\bin\Microsoft.SqlServer.Dac.Extensions.dll).
Info: Updating file (xp901.sc\bin\Microsoft.SqlServer.Dac.Extensions.xml).
Info: Updating file (xp901.sc\bin\Microsoft.SqlServer.Dac.xml).
Info: Updating file (xp901.sc\bin\Microsoft.SqlServer.Management.AlwaysEncrypted.AzureKeyVaultProvider.dll).
Info: Updating file (xp901.sc\bin\Microsoft.SqlServer.TransactSql.ScriptDom.dll).
Info: Updating file (xp901.sc\bin\Microsoft.SqlServer.Types.dll).
Info: Updating file (xp901.sc\bin\Microsoft.WindowsAzure.Configuration.dll).
Info: Updating file (xp901.sc\bin\Microsoft.WindowsAzure.Configuration.xml).
Info: Updating file (xp901.sc\bin\Newtonsoft.Json.dll).
Info: Updating file (xp901.sc\bin\Newtonsoft.Json.xml).
Info: Updating file (xp901.sc\bin\Rebus.AzureServiceBus.dll).
Info: Updating file (xp901.sc\bin\Rebus.AzureServiceBus.XML).
Info: Updating file (xp901.sc\bin\Rebus.dll).
Info: Updating file (xp901.sc\bin\Rebus.SqlServer.dll).
Info: Updating file (xp901.sc\bin\Rebus.SqlServer.XML).
Info: Updating file (xp901.sc\bin\Rebus.XML).
Info: Updating file (xp901.sc\bin\Remotion.Linq.dll).
Info: Updating file (xp901.sc\bin\Remotion.Linq.XML).
Info: Updating file (xp901.sc\bin\Serilog.dll).
Info: Updating file (xp901.sc\bin\Serilog.Extensions.Logging.dll).
Info: Updating file (xp901.sc\bin\Serilog.Extensions.Logging.xml).
Info: Updating file (xp901.sc\bin\Serilog.Settings.Configuration.dll).
Info: Updating file (xp901.sc\bin\Serilog.Settings.Configuration.xml).
Info: Updating file (xp901.sc\bin\Serilog.Sinks.ApplicationInsights.dll).
Info: Updating file (xp901.sc\bin\Serilog.Sinks.File.dll).
Info: Updating file (xp901.sc\bin\Serilog.Sinks.File.xml).
Info: Updating file (xp901.sc\bin\Serilog.Sinks.RollingFile.dll).
Info: Updating file (xp901.sc\bin\Serilog.Sinks.RollingFile.xml).
Info: Updating file (xp901.sc\bin\Serilog.xml).
Info: Updating file (xp901.sc\bin\Sitecore.ContentTesting.Model.xConnect.dll).
Info: Updating file (xp901.sc\bin\Sitecore.EmailCampaign.Activities.dll).
Info: Updating file (xp901.sc\bin\Sitecore.EmailCampaign.Model.dll).
Info: Updating file (xp901.sc\bin\Sitecore.EmailCampaign.XConnect.dll).
Info: Updating file (xp901.sc\bin\Sitecore.Framework.Common.Abstractions.dll).
Info: Updating file (xp901.sc\bin\Sitecore.Framework.Common.Abstractions.xml).
Info: Updating file (xp901.sc\bin\Sitecore.Framework.Common.dll).
Info: Updating file (xp901.sc\bin\Sitecore.Framework.Common.Extensions.dll).
Info: Updating file (xp901.sc\bin\Sitecore.Framework.Common.Extensions.xml).
Info: Updating file (xp901.sc\bin\Sitecore.Framework.Common.WildcardMatch.dll).
Info: Updating file (xp901.sc\bin\Sitecore.Framework.Common.WildcardMatch.xml).
Info: Updating file (xp901.sc\bin\Sitecore.Framework.Common.xml).
Info: Updating file (xp901.sc\bin\Sitecore.Framework.Conditions.dll).
Info: Updating file (xp901.sc\bin\Sitecore.Framework.Conditions.xml).
Info: Updating file (xp901.sc\bin\Sitecore.Framework.Configuration.Abstractions.dll).
Info: Updating file (xp901.sc\bin\Sitecore.Framework.Configuration.Abstractions.xml).
Info: Updating file (xp901.sc\bin\Sitecore.Framework.Configuration.Common.dll).
Info: Updating file (xp901.sc\bin\Sitecore.Framework.Configuration.Common.xml).
Info: Updating file (xp901.sc\bin\Sitecore.Framework.Configuration.dll).
Info: Updating file (xp901.sc\bin\Sitecore.Framework.Configuration.Extensions.dll).
Info: Updating file (xp901.sc\bin\Sitecore.Framework.Configuration.Extensions.xml).
Info: Updating file (xp901.sc\bin\Sitecore.Framework.Configuration.xml).
Info: Updating file (xp901.sc\bin\Sitecore.Framework.Messaging.Abstractions.dll).
Info: Updating file (xp901.sc\bin\Sitecore.Framework.Messaging.Abstractions.xml).
Info: Updating file (xp901.sc\bin\Sitecore.Framework.Messaging.Common.dll).
Info: Updating file (xp901.sc\bin\Sitecore.Framework.Messaging.Common.xml).
Info: Updating file (xp901.sc\bin\Sitecore.Framework.Messaging.Configuration.dll).
Info: Updating file (xp901.sc\bin\Sitecore.Framework.Messaging.Configuration.xml).
Info: Updating file (xp901.sc\bin\Sitecore.Framework.Messaging.Rebus.Azure.dll).
Info: Updating file (xp901.sc\bin\Sitecore.Framework.Messaging.Rebus.Azure.xml).
Info: Updating file (xp901.sc\bin\Sitecore.Framework.Messaging.Rebus.Configuration.dll).
Info: Updating file (xp901.sc\bin\Sitecore.Framework.Messaging.Rebus.Configuration.xml).
Info: Updating file (xp901.sc\bin\Sitecore.Framework.Messaging.Rebus.dll).
Info: Updating file (xp901.sc\bin\Sitecore.Framework.Messaging.Rebus.SqlServer.dll).
Info: Updating file (xp901.sc\bin\Sitecore.Framework.Messaging.Rebus.SqlServer.xml).
Info: Updating file (xp901.sc\bin\Sitecore.Framework.Messaging.Rebus.xml).
Info: Updating file (xp901.sc\bin\Sitecore.Framework.Rules.Abstractions.dll).
Info: Updating file (xp901.sc\bin\Sitecore.Framework.Rules.Abstractions.xml).
Info: Updating file (xp901.sc\bin\Sitecore.Framework.Rules.Api.dll).
Info: Updating file (xp901.sc\bin\Sitecore.Framework.Rules.Api.xml).
Info: Updating file (xp901.sc\bin\Sitecore.Framework.Rules.Core.dll).
Info: Updating file (xp901.sc\bin\Sitecore.Framework.Rules.Core.xml).
Info: Updating file (xp901.sc\bin\Sitecore.Framework.Rules.Model.dll).
Info: Updating file (xp901.sc\bin\Sitecore.Framework.Rules.Model.xml).
Info: Updating file (xp901.sc\bin\Sitecore.Framework.Rules.Registry.dll).
Info: Updating file (xp901.sc\bin\Sitecore.Framework.Rules.Registry.xml).
Info: Updating file (xp901.sc\bin\Sitecore.Framework.Rules.Serialization.dll).
Info: Updating file (xp901.sc\bin\Sitecore.Framework.Rules.Serialization.xml).
Info: Updating file (xp901.sc\bin\Sitecore.Marketing.Automation.Activity.dll).
Info: Updating file (xp901.sc\bin\Sitecore.Marketing.Automation.Models.dll).
Info: Updating file (xp901.sc\bin\Sitecore.Marketing.Core.dll).
Info: Updating file (xp901.sc\bin\Sitecore.Marketing.dll).
Info: Updating file (xp901.sc\bin\Sitecore.Marketing.Operations.Xdb.ReferenceData.dll).
Info: Updating file (xp901.sc\bin\Sitecore.Marketing.Operations.Xdb.ReferenceData.Model.dll).
Info: Updating file (xp901.sc\bin\Sitecore.Marketing.Operations.Xdb.ReferenceData.Service.dll).
Info: Updating file (xp901.sc\bin\Sitecore.Marketing.Taxonomy.dll).
Info: Updating file (xp901.sc\bin\Sitecore.Nexus.Licensing.dll).
Info: Updating file (xp901.sc\bin\Sitecore.XConnect.Client.Configuration.XConnect.dll).
Info: Updating file (xp901.sc\bin\Sitecore.XConnect.Client.Configuration.XConnect.dll.config).
Info: Updating file (xp901.sc\bin\Sitecore.XConnect.Client.Configuration.XConnect.XML).
Info: Updating file (xp901.sc\bin\Sitecore.XConnect.Client.dll).
Info: Updating file (xp901.sc\bin\Sitecore.XConnect.Client.dll.config).
Info: Updating file (xp901.sc\bin\Sitecore.XConnect.Collection.Model.dll).
Info: Updating file (xp901.sc\bin\Sitecore.XConnect.Collection.Model.Plugins.dll).
Info: Updating file (xp901.sc\bin\Sitecore.XConnect.Collection.Model.Plugins.dll.config).
Info: Updating file (xp901.sc\bin\Sitecore.XConnect.Collection.Model.XML).
Info: Updating file (xp901.sc\bin\Sitecore.XConnect.Configuration.dll).
Info: Updating file (xp901.sc\bin\Sitecore.XConnect.DependencyInjection.dll).
Info: Updating file (xp901.sc\bin\Sitecore.XConnect.DependencyInjection.dll.config).
Info: Updating file (xp901.sc\bin\Sitecore.XConnect.DependencyInjection.Web.dll).
Info: Updating file (xp901.sc\bin\Sitecore.XConnect.DependencyInjection.Web.dll.config).
Info: Updating file (xp901.sc\bin\Sitecore.XConnect.Diagnostics.ApplicationInsights.dll).
Info: Updating file (xp901.sc\bin\Sitecore.XConnect.Diagnostics.ApplicationInsights.dll.config).
Info: Updating file (xp901.sc\bin\Sitecore.XConnect.Diagnostics.dll).
Info: Updating file (xp901.sc\bin\Sitecore.XConnect.Diagnostics.PerformanceCounters.dll).
Info: Updating file (xp901.sc\bin\Sitecore.XConnect.Diagnostics.PerformanceCounters.dll.config).
Info: Updating file (xp901.sc\bin\Sitecore.XConnect.dll).
Info: Updating file (xp901.sc\bin\Sitecore.XConnect.Logging.Serilog.AppInsights.dll).
Info: Updating file (xp901.sc\bin\Sitecore.XConnect.Logging.Serilog.AppInsights.dll.config).
Info: Updating file (xp901.sc\bin\Sitecore.XConnect.Logging.Serilog.dll).
Info: Updating file (xp901.sc\bin\Sitecore.XConnect.Logging.Serilog.dll.config).
Info: Updating file (xp901.sc\bin\Sitecore.XConnect.Messaging.Azure.dll).
Info: Updating file (xp901.sc\bin\Sitecore.XConnect.Messaging.dll).
Info: Updating file (xp901.sc\bin\Sitecore.XConnect.Messaging.SqlServer.dll).
Info: Updating file (xp901.sc\bin\Sitecore.XConnect.Search.dll).
Info: Updating file (xp901.sc\bin\Sitecore.XConnect.Security.dll).
Info: Updating file (xp901.sc\bin\Sitecore.XConnect.Security.Web.dll).
Info: Updating file (xp901.sc\bin\Sitecore.XConnect.Security.Web.dll.config).
Info: Updating file (xp901.sc\bin\Sitecore.XConnect.Segmentation.Conditions.dll).
Info: Updating file (xp901.sc\bin\Sitecore.XConnect.Segmentation.Configuration.dll).
Info: Updating file (xp901.sc\bin\Sitecore.XConnect.Segmentation.Engine.dll).
Info: Updating file (xp901.sc\bin\Sitecore.XConnect.Segmentation.ExpressionBuilder.Model.dll).
Info: Updating file (xp901.sc\bin\Sitecore.XConnect.Segmentation.Predicates.dll).
Info: Updating file (xp901.sc\bin\Sitecore.XConnect.Segmentation.Predicates.Model.dll).
Info: Updating file (xp901.sc\bin\Sitecore.XConnect.Service.dll).
Info: Updating file (xp901.sc\bin\Sitecore.XConnect.Service.Plugins.dll).
Info: Updating file (xp901.sc\bin\Sitecore.XConnect.Service.Plugins.dll.config).
Info: Updating file (xp901.sc\bin\Sitecore.XConnect.Service.Plugins.MarketingAutomation.dll).
Info: Updating file (xp901.sc\bin\Sitecore.XConnect.Service.Plugins.MarketingAutomation.xml).
Info: Updating file (xp901.sc\bin\Sitecore.XConnect.Service.Plugins.Processing.dll).
Info: Updating file (xp901.sc\bin\Sitecore.XConnect.Service.Plugins.Processing.xml).
Info: Updating file (xp901.sc\bin\Sitecore.XConnect.Service.xml).
Info: Updating file (xp901.sc\bin\Sitecore.XConnect.Web.dll).
Info: Updating file (xp901.sc\bin\Sitecore.XConnect.XML).
Info: Updating file (xp901.sc\bin\Sitecore.Xdb.Collection.Data.SqlServer.dll).
Info: Updating file (xp901.sc\bin\Sitecore.Xdb.Collection.dll).
Info: Updating file (xp901.sc\bin\Sitecore.Xdb.Collection.dll.config).
Info: Updating file (xp901.sc\bin\Sitecore.Xdb.Collection.Search.Azure.dll).
Info: Updating file (xp901.sc\bin\Sitecore.Xdb.Collection.Search.Azure.dll.config).
Info: Updating file (xp901.sc\bin\Sitecore.Xdb.Collection.Search.Azure.XML).
Info: Updating file (xp901.sc\bin\Sitecore.Xdb.Collection.Search.Solr.dll).
Info: Updating file (xp901.sc\bin\Sitecore.Xdb.Collection.Search.Solr.dll.config).
Info: Updating file (xp901.sc\bin\Sitecore.Xdb.Collection.Search.Solr.XML).
Info: Updating file (xp901.sc\bin\Sitecore.Xdb.Collection.XML).
Info: Updating file (xp901.sc\bin\Sitecore.Xdb.Common.Web.dll).
Info: Updating file (xp901.sc\bin\Sitecore.Xdb.Common.Web.xml).
Info: Updating file (xp901.sc\bin\Sitecore.Xdb.MarketingAutomation.Core.dll).
Info: Updating file (xp901.sc\bin\Sitecore.Xdb.MarketingAutomation.Core.xml).
Info: Updating file (xp901.sc\bin\Sitecore.Xdb.MarketingAutomation.dll).
Info: Updating file (xp901.sc\bin\Sitecore.Xdb.MarketingAutomation.SqlServer.dll).
Info: Updating file (xp901.sc\bin\Sitecore.Xdb.MarketingAutomation.SqlServer.XML).
Info: Updating file (xp901.sc\bin\Sitecore.Xdb.MarketingAutomation.Web.dll).
Info: Updating file (xp901.sc\bin\Sitecore.Xdb.MarketingAutomation.Web.XConnect.dll).
Info: Updating file (xp901.sc\bin\Sitecore.Xdb.MarketingAutomation.Web.XConnect.XML).
Info: Updating file (xp901.sc\bin\Sitecore.Xdb.MarketingAutomation.Web.xml).
Info: Updating file (xp901.sc\bin\Sitecore.Xdb.MarketingAutomation.xml).
Info: Updating file (xp901.sc\bin\Sitecore.Xdb.Processing.Queue.dll).
Info: Updating file (xp901.sc\bin\Sitecore.Xdb.Processing.Queue.SqlServer.dll).
Info: Updating file (xp901.sc\bin\Sitecore.Xdb.Processing.Queue.xml).
Info: Updating file (xp901.sc\bin\Sitecore.Xdb.ReferenceData.Core.dll).
Info: Updating file (xp901.sc\bin\Sitecore.Xdb.ReferenceData.Core.xml).
Info: Updating file (xp901.sc\bin\Sitecore.Xdb.ReferenceData.Service.dll).
Info: Updating file (xp901.sc\bin\Sitecore.Xdb.ReferenceData.Service.XML).
Info: Updating file (xp901.sc\bin\Sitecore.Xdb.ReferenceData.SqlServer.dll).
Info: Updating file (xp901.sc\bin\Sitecore.Xdb.ReferenceData.SqlServer.XML).
Info: Updating file (xp901.sc\bin\Sitecore.Xdb.ReferenceData.Web.dll).
Info: Updating file (xp901.sc\bin\Sitecore.Xdb.ReferenceData.Web.XConnect.dll).
Info: Updating file (xp901.sc\bin\Sitecore.Xdb.ReferenceData.Web.XConnect.XML).
Info: Updating file (xp901.sc\bin\Sitecore.Xdb.ReferenceData.Web.XML).
Info: Updating file (xp901.sc\bin\Sitecore.Xdb.Sql.Common.dll).
Info: Updating file (xp901.sc\bin\SolrNet.dll).
Info: Updating file (xp901.sc\bin\SolrNet.xml).
Info: Updating file (xp901.sc\bin\System.Collections.NonGeneric.dll).
Info: Updating file (xp901.sc\bin\System.ComponentModel.Primitives.dll).
Info: Updating file (xp901.sc\bin\System.ComponentModel.TypeConverter.dll).
Info: Updating file (xp901.sc\bin\System.Interactive.Async.dll).
Info: Updating file (xp901.sc\bin\System.Interactive.Async.Providers.dll).
Info: Updating file (xp901.sc\bin\System.Interactive.Async.Providers.xml).
Info: Updating file (xp901.sc\bin\System.Interactive.Async.xml).
Info: Updating file (xp901.sc\bin\System.IO.dll).
Info: Updating file (xp901.sc\bin\System.Net.Http.Formatting.dll).
Info: Updating file (xp901.sc\bin\System.Net.Http.Formatting.xml).
Info: Updating file (xp901.sc\bin\System.Reflection.dll).
Info: Updating file (xp901.sc\bin\System.Runtime.dll).
Info: Updating file (xp901.sc\bin\System.Runtime.Extensions.dll).
Info: Updating file (xp901.sc\bin\System.Runtime.InteropServices.dll).
Info: Updating file (xp901.sc\bin\System.Text.Encodings.Web.dll).
Info: Updating file (xp901.sc\bin\System.Text.Encodings.Web.xml).
Info: Updating file (xp901.sc\bin\System.Web.Http.dll).
Info: Updating file (xp901.sc\bin\System.Web.Http.WebHost.dll).
Info: Updating file (xp901.sc\bin\System.Web.Http.WebHost.xml).
Info: Updating file (xp901.sc\bin\System.Web.Http.xml).
Info: Updating file (xp901.sc\bin\System.Web.OData.dll).
Info: Updating file (xp901.sc\bin\System.Web.OData.xml).
Info: Updating file (xp901.sc\Default.aspx).
Info: Updating file (xp901.sc\Global.asax).
Info: Updating file (xp901.sc\Messages.resx).
Info: Updating file (xp901.sc\Web.config).
Info: Adding ACLs for path (xp901.sc\App_Data\logs)
Total changes: 490 (0 added, 205 deleted, 285 updated, 0 parameters changed, 50620565 bytes copied)

[------------------------------------------------------------------ SetLicense : Copy ------------------------------------------------------------------------]
[SetLicense]:[Copying] C:\xp\license.xml => C:\inetpub\wwwroot\xp901.sc\App_Data

[-------------------------------------- CreateBindingsWithDevelopmentThumprint : AddWebFeatureSSL ------------------------------------------------------------]

[---------------------------------------------------------------- StartAppPool : ManageAppPool ---------------------------------------------------------------]
[StartAppPool]:[Start] xp901.sc

[---------------------------------------------------------------- StartWebsite : ManageWebsite ---------------------------------------------------------------]
[StartWebsite]:[Start] xp901.sc

[--------------------------------------------- SetServicesCertStorePermissions : FilePermissions -------------------------------------------------------------]
[SetServicesCertStorePermissions]:[Allow] NT AUTHORITY\LocalService
[SetServicesCertStorePermissions]:[Path] C:\ProgramData\Microsoft\Crypto\RSA\MachineKeys\91b96ebb38a6a60bb219402c518edcbc_ffb0b732-144c-463c-be18-2420269ed3d0
[SetServicesCertStorePermissions]:[Rights] Read
[SetServicesCertStorePermissions]:[Inherit] None
[SetServicesCertStorePermissions]:[Propagate] None

[-------------------------------------------------------- CreateServiceLogPath : EnsurePath ------------------------------------------------------------------]
[CreateServiceLogPath]:[Create] C:\inetpub\wwwroot\xp901.sc\App_Data\jobs\continuous\AutomationEngine\App_Data\Logs

[---------------------------------------- SetMarketingAutomationServiceLicense : Copy ------------------------------------------------------------------------]
[SetMarketingAutomationServiceLicense]:[Copying] C:\xp\license.xml => C:\inetpub\wwwroot\xp901.sc\App_Data\jobs\continuous\AutomationEngine\App_Data

[------------------------------------------------------- SetServicePermissions : FilePermissions -------------------------------------------------------------]
[SetServicePermissions]:[Allow] NT AUTHORITY\LocalService
[SetServicePermissions]:[Path] C:\inetpub\wwwroot\xp901.sc\App_Data\jobs\continuous\AutomationEngine\App_Data\Logs
[SetServicePermissions]:[Rights] FullControl
[SetServicePermissions]:[Inherit] ContainerInherit ObjectInherit
[SetServicePermissions]:[Propagate] None

[-------------------------------------------------------------- InstallService : Command ---------------------------------------------------------------------]
[Command]:[Path] C:\inetpub\wwwroot\xp901.sc\App_Data\jobs\continuous\AutomationEngine\maengine.exe
Installing service xp901.sc-marketingautomationservice...
Service xp901.sc-marketingautomationservice has been successfully installed.
Creating EventLog source xp901.sc-marketingautomationservice in log Application...

[---------------------------------------------------------------- StartService : ManageService ---------------------------------------------------------------]
[StartService]:[Updating] xp901.sc-marketingautomationservice

Status   Name               DisplayName
------   ----               -----------
Running  xp901.sc-market... Sitecore Marketing Automation Engin...


[TIME] 00:00:09
**********************
Windows PowerShell transcript end
End time: 20180629152150
**********************
